28-Nov-2022 21:38:34.868 –ŇŌĘ [main] org.apache.catalina.startup.VersionLoggerListener.log Server version:        Apache Tomcat/8.0.49
28-Nov-2022 21:38:34.878 –ŇŌĘ [main] org.apache.catalina.startup.VersionLoggerListener.log Server built:          Jan 19 2018 20:21:23 UTC
28-Nov-2022 21:38:34.880 –ŇŌĘ [main] org.apache.catalina.startup.VersionLoggerListener.log Server number:         8.0.49.0
28-Nov-2022 21:38:34.880 –ŇŌĘ [main] org.apache.catalina.startup.VersionLoggerListener.log OS Name:               Windows 10
28-Nov-2022 21:38:34.880 –ŇŌĘ [main] org.apache.catalina.startup.VersionLoggerListener.log OS Version:            10.0
28-Nov-2022 21:38:34.880 –ŇŌĘ [main] org.apache.catalina.startup.VersionLoggerListener.log Architecture:          amd64
28-Nov-2022 21:38:34.880 –ŇŌĘ [main] org.apache.catalina.startup.VersionLoggerListener.log Java Home:             C:\Program Files\Java\jdk1.8.0_131\jre
28-Nov-2022 21:38:34.880 –ŇŌĘ [main] org.apache.catalina.startup.VersionLoggerListener.log JVM Version:           1.8.0_131-b11
28-Nov-2022 21:38:34.881 –ŇŌĘ [main] org.apache.catalina.startup.VersionLoggerListener.log JVM Vendor:            Oracle Corporation
28-Nov-2022 21:38:34.881 –ŇŌĘ [main] org.apache.catalina.startup.VersionLoggerListener.log CATALINA_BASE:         H:\Program Files\eclipse_mars\apache-tomcat-8.0.49
28-Nov-2022 21:38:34.881 –ŇŌĘ [main] org.apache.catalina.startup.VersionLoggerListener.log CATALINA_HOME:         H:\Program Files\eclipse_mars\apache-tomcat-8.0.49
28-Nov-2022 21:38:34.881 –ŇŌĘ [main] org.apache.catalina.startup.VersionLoggerListener.log Command line argument: -Djava.util.logging.config.file=H:\Program Files\eclipse_mars\apache-tomcat-8.0.49\conf\logging.properties
28-Nov-2022 21:38:34.882 –ŇŌĘ [main] org.apache.catalina.startup.VersionLoggerListener.log Command line argument: -Djava.util.logging.manager=org.apache.juli.ClassLoaderLogManager
28-Nov-2022 21:38:34.882 –ŇŌĘ [main] org.apache.catalina.startup.VersionLoggerListener.log Command line argument: -Djdk.tls.ephemeralDHKeySize=2048
28-Nov-2022 21:38:34.882 –ŇŌĘ [main] org.apache.catalina.startup.VersionLoggerListener.log Command line argument: -Djava.protocol.handler.pkgs=org.apache.catalina.webresources
28-Nov-2022 21:38:34.883 –ŇŌĘ [main] org.apache.catalina.startup.VersionLoggerListener.log Command line argument: -Dignore.endorsed.dirs=
28-Nov-2022 21:38:34.883 –ŇŌĘ [main] org.apache.catalina.startup.VersionLoggerListener.log Command line argument: -Dcatalina.base=H:\Program Files\eclipse_mars\apache-tomcat-8.0.49
28-Nov-2022 21:38:34.884 –ŇŌĘ [main] org.apache.catalina.startup.VersionLoggerListener.log Command line argument: -Dcatalina.home=H:\Program Files\eclipse_mars\apache-tomcat-8.0.49
28-Nov-2022 21:38:34.885 –ŇŌĘ [main] org.apache.catalina.startup.VersionLoggerListener.log Command line argument: -Djava.io.tmpdir=H:\Program Files\eclipse_mars\apache-tomcat-8.0.49\temp
28-Nov-2022 21:38:34.886 –ŇŌĘ [main] org.apache.catalina.core.AprLifecycleListener.lifecycleEvent Loaded APR based Apache Tomcat Native library 1.2.16 using APR version 1.6.3.
28-Nov-2022 21:38:34.892 –ŇŌĘ [main] org.apache.catalina.core.AprLifecycleListener.lifecycleEvent APR capabilities: IPv6 [true], sendfile [true], accept filters [false], random [true].
28-Nov-2022 21:38:35.903 –ŇŌĘ [main] org.apache.catalina.core.AprLifecycleListener.initializeSSL OpenSSL successfully initialized (OpenSSL 1.0.2m  2 Nov 2017)
28-Nov-2022 21:38:36.145 –ŇŌĘ [main] org.apache.coyote.AbstractProtocol.init Initializing ProtocolHandler ["http-apr-8080"]
28-Nov-2022 21:38:36.166 –ŇŌĘ [main] org.apache.coyote.AbstractProtocol.init Initializing ProtocolHandler ["ajp-apr-8009"]
28-Nov-2022 21:38:36.167 –ŇŌĘ [main] org.apache.catalina.startup.Catalina.load Initialization processed in 1911 ms
28-Nov-2022 21:38:36.212 –ŇŌĘ [main] org.apache.catalina.core.StandardService.startInternal Starting service Catalina
28-Nov-2022 21:38:36.212 –ŇŌĘ [main] org.apache.catalina.core.StandardEngine.startInternal Starting Servlet Engine: Apache Tomcat/8.0.49
28-Nov-2022 21:38:36.251 –ŇŌĘ [localhost-startStop-1] org.apache.catalina.startup.HostConfig.deployWAR Deploying web application archive H:\Program Files\eclipse_mars\apache-tomcat-8.0.49\webapps\sdcloud.war
28-Nov-2022 21:38:41.230 –ŇŌĘ [localhost-startStop-1] org.apache.jasper.servlet.TldScanner.scanJars At least one JAR was scanned for TLDs yet contained no TLDs. Enable debug logging for this logger for a complete list of JARs that were scanned but no TLDs were found in them. Skipping unneeded JARs during scanning can improve startup time and JSP compilation time.
28-Nov-2022 21:38:44.320 –ŇŌĘ [localhost-startStop-1] org.apache.catalina.startup.HostConfig.deployWAR Deployment of web application archive H:\Program Files\eclipse_mars\apache-tomcat-8.0.49\webapps\sdcloud.war has finished in 8,067 ms
28-Nov-2022 21:38:44.322 –ŇŌĘ [localhost-startStop-1] org.apache.catalina.startup.HostConfig.deployDirectory Deploying web application directory H:\Program Files\eclipse_mars\apache-tomcat-8.0.49\webapps\docs
28-Nov-2022 21:38:44.362 –ŇŌĘ [localhost-startStop-1] org.apache.catalina.startup.HostConfig.deployDirectory Deployment of web application directory H:\Program Files\eclipse_mars\apache-tomcat-8.0.49\webapps\docs has finished in 40 ms
28-Nov-2022 21:38:44.363 –ŇŌĘ [localhost-startStop-1] org.apache.catalina.startup.HostConfig.deployDirectory Deploying web application directory H:\Program Files\eclipse_mars\apache-tomcat-8.0.49\webapps\examples
28-Nov-2022 21:38:45.045 –ŇŌĘ [localhost-startStop-1] org.apache.catalina.startup.HostConfig.deployDirectory Deployment of web application directory H:\Program Files\eclipse_mars\apache-tomcat-8.0.49\webapps\examples has finished in 683 ms
28-Nov-2022 21:38:45.046 –ŇŌĘ [localhost-startStop-1] org.apache.catalina.startup.HostConfig.deployDirectory Deploying web application directory H:\Program Files\eclipse_mars\apache-tomcat-8.0.49\webapps\host-manager
28-Nov-2022 21:38:45.089 –ŇŌĘ [localhost-startStop-1] org.apache.catalina.startup.HostConfig.deployDirectory Deployment of web application directory H:\Program Files\eclipse_mars\apache-tomcat-8.0.49\webapps\host-manager has finished in 43 ms
28-Nov-2022 21:38:45.092 –ŇŌĘ [localhost-startStop-1] org.apache.catalina.startup.HostConfig.deployDirectory Deploying web application directory H:\Program Files\eclipse_mars\apache-tomcat-8.0.49\webapps\manager
28-Nov-2022 21:38:45.129 –ŇŌĘ [localhost-startStop-1] org.apache.catalina.startup.HostConfig.deployDirectory Deployment of web application directory H:\Program Files\eclipse_mars\apache-tomcat-8.0.49\webapps\manager has finished in 38 ms
28-Nov-2022 21:38:45.130 –ŇŌĘ [localhost-startStop-1] org.apache.catalina.startup.HostConfig.deployDirectory Deploying web application directory H:\Program Files\eclipse_mars\apache-tomcat-8.0.49\webapps\ROOT
28-Nov-2022 21:38:45.164 –ŇŌĘ [localhost-startStop-1] org.apache.catalina.startup.HostConfig.deployDirectory Deployment of web application directory H:\Program Files\eclipse_mars\apache-tomcat-8.0.49\webapps\ROOT has finished in 34 ms
28-Nov-2022 21:38:45.171 –ŇŌĘ [main] org.apache.coyote.AbstractProtocol.start Starting ProtocolHandler ["http-apr-8080"]
28-Nov-2022 21:38:45.190 –ŇŌĘ [main] org.apache.coyote.AbstractProtocol.start Starting ProtocolHandler ["ajp-apr-8009"]
28-Nov-2022 21:38:45.200 –ŇŌĘ [main] org.apache.catalina.startup.Catalina.start Server startup in 9031 ms
28-Nov-2022 21:38:54.106 –ŇŌĘ [Thread-3] org.apache.coyote.AbstractProtocol.pause Pausing ProtocolHandler ["http-apr-8080"]
28-Nov-2022 21:38:54.161 –ŇŌĘ [Thread-3] org.apache.coyote.AbstractProtocol.pause Pausing ProtocolHandler ["ajp-apr-8009"]
28-Nov-2022 21:38:54.212 –ŇŌĘ [Thread-3] org.apache.catalina.core.StandardService.stopInternal Stopping service Catalina
28-Nov-2022 21:38:54.269 –ŇŌĘ [Thread-3] org.apache.coyote.AbstractProtocol.stop Stopping ProtocolHandler ["http-apr-8080"]
28-Nov-2022 21:38:54.331 –ŇŌĘ [Thread-3] org.apache.coyote.AbstractProtocol.stop Stopping ProtocolHandler ["ajp-apr-8009"]
28-Nov-2022 21:38:54.384 –ŇŌĘ [Thread-3] org.apache.coyote.AbstractProtocol.destroy Destroying ProtocolHandler ["http-apr-8080"]
28-Nov-2022 21:38:54.385 –ŇŌĘ [Thread-3] org.apache.coyote.AbstractProtocol.destroy Destroying ProtocolHandler ["ajp-apr-8009"]
28-Nov-2022 21:41:06.775 –ŇŌĘ [main] org.apache.catalina.startup.VersionLoggerListener.log Server version:        Apache Tomcat/8.0.49
28-Nov-2022 21:41:06.781 –ŇŌĘ [main] org.apache.catalina.startup.VersionLoggerListener.log Server built:          Jan 19 2018 20:21:23 UTC
28-Nov-2022 21:41:06.782 –ŇŌĘ [main] org.apache.catalina.startup.VersionLoggerListener.log Server number:         8.0.49.0
28-Nov-2022 21:41:06.782 –ŇŌĘ [main] org.apache.catalina.startup.VersionLoggerListener.log OS Name:               Windows 10
28-Nov-2022 21:41:06.782 –ŇŌĘ [main] org.apache.catalina.startup.VersionLoggerListener.log OS Version:            10.0
28-Nov-2022 21:41:06.783 –ŇŌĘ [main] org.apache.catalina.startup.VersionLoggerListener.log Architecture:          amd64
28-Nov-2022 21:41:06.783 –ŇŌĘ [main] org.apache.catalina.startup.VersionLoggerListener.log Java Home:             C:\Program Files\Java\jdk1.8.0_131\jre
28-Nov-2022 21:41:06.783 –ŇŌĘ [main] org.apache.catalina.startup.VersionLoggerListener.log JVM Version:           1.8.0_131-b11
28-Nov-2022 21:41:06.783 –ŇŌĘ [main] org.apache.catalina.startup.VersionLoggerListener.log JVM Vendor:            Oracle Corporation
28-Nov-2022 21:41:06.783 –ŇŌĘ [main] org.apache.catalina.startup.VersionLoggerListener.log CATALINA_BASE:         H:\Program Files\eclipse_mars\apache-tomcat-8.0.49
28-Nov-2022 21:41:06.784 –ŇŌĘ [main] org.apache.catalina.startup.VersionLoggerListener.log CATALINA_HOME:         H:\Program Files\eclipse_mars\apache-tomcat-8.0.49
28-Nov-2022 21:41:06.784 –ŇŌĘ [main] org.apache.catalina.startup.VersionLoggerListener.log Command line argument: -Djava.util.logging.config.file=H:\Program Files\eclipse_mars\apache-tomcat-8.0.49\conf\logging.properties
28-Nov-2022 21:41:06.784 –ŇŌĘ [main] org.apache.catalina.startup.VersionLoggerListener.log Command line argument: -Djava.util.logging.manager=org.apache.juli.ClassLoaderLogManager
28-Nov-2022 21:41:06.784 –ŇŌĘ [main] org.apache.catalina.startup.VersionLoggerListener.log Command line argument: -Djdk.tls.ephemeralDHKeySize=2048
28-Nov-2022 21:41:06.785 –ŇŌĘ [main] org.apache.catalina.startup.VersionLoggerListener.log Command line argument: -Djava.protocol.handler.pkgs=org.apache.catalina.webresources
28-Nov-2022 21:41:06.785 –ŇŌĘ [main] org.apache.catalina.startup.VersionLoggerListener.log Command line argument: -Dignore.endorsed.dirs=
28-Nov-2022 21:41:06.785 –ŇŌĘ [main] org.apache.catalina.startup.VersionLoggerListener.log Command line argument: -Dcatalina.base=H:\Program Files\eclipse_mars\apache-tomcat-8.0.49
28-Nov-2022 21:41:06.786 –ŇŌĘ [main] org.apache.catalina.startup.VersionLoggerListener.log Command line argument: -Dcatalina.home=H:\Program Files\eclipse_mars\apache-tomcat-8.0.49
28-Nov-2022 21:41:06.787 –ŇŌĘ [main] org.apache.catalina.startup.VersionLoggerListener.log Command line argument: -Djava.io.tmpdir=H:\Program Files\eclipse_mars\apache-tomcat-8.0.49\temp
28-Nov-2022 21:41:06.788 –ŇŌĘ [main] org.apache.catalina.core.AprLifecycleListener.lifecycleEvent Loaded APR based Apache Tomcat Native library 1.2.16 using APR version 1.6.3.
28-Nov-2022 21:41:06.789 –ŇŌĘ [main] org.apache.catalina.core.AprLifecycleListener.lifecycleEvent APR capabilities: IPv6 [true], sendfile [true], accept filters [false], random [true].
28-Nov-2022 21:41:07.860 –ŇŌĘ [main] org.apache.catalina.core.AprLifecycleListener.initializeSSL OpenSSL successfully initialized (OpenSSL 1.0.2m  2 Nov 2017)
28-Nov-2022 21:41:08.095 –ŇŌĘ [main] org.apache.coyote.AbstractProtocol.init Initializing ProtocolHandler ["http-apr-8080"]
28-Nov-2022 21:41:08.133 —Ō÷ō [main] org.apache.coyote.AbstractProtocol.init Failed to initialize end point associated with ProtocolHandler ["http-apr-8080"]
 java.lang.Exception: Socket bind failed: [730013] ???????????????®™????°Ń??????°§??????°Ń?
	at org.apache.tomcat.util.net.AprEndpoint.bind(AprEndpoint.java:471)
	at org.apache.tomcat.util.net.AbstractEndpoint.init(AbstractEndpoint.java:823)
	at org.apache.coyote.AbstractProtocol.init(AbstractProtocol.java:476)
	at org.apache.catalina.connector.Connector.initInternal(Connector.java:960)
	at org.apache.catalina.util.LifecycleBase.init(LifecycleBase.java:102)
	at org.apache.catalina.core.StandardService.initInternal(StandardService.java:568)
	at org.apache.catalina.util.LifecycleBase.init(LifecycleBase.java:102)
	at org.apache.catalina.core.StandardServer.initInternal(StandardServer.java:871)
	at org.apache.catalina.util.LifecycleBase.init(LifecycleBase.java:102)
	at org.apache.catalina.startup.Catalina.load(Catalina.java:581)
	at org.apache.catalina.startup.Catalina.load(Catalina.java:604)
	at sun.reflect.NativeMethodAccessorImpl.invoke0(Native Method)
	at sun.reflect.NativeMethodAccessorImpl.invoke(NativeMethodAccessorImpl.java:62)
	at sun.reflect.DelegatingMethodAccessorImpl.invoke(DelegatingMethodAccessorImpl.java:43)
	at java.lang.reflect.Method.invoke(Method.java:498)
	at org.apache.catalina.startup.Bootstrap.load(Bootstrap.java:308)
	at org.apache.catalina.startup.Bootstrap.main(Bootstrap.java:482)

28-Nov-2022 21:41:08.150 —Ō÷ō [main] org.apache.catalina.core.StandardService.initInternal Failed to initialize connector [Connector[HTTP/1.1-8080]]
 org.apache.catalina.LifecycleException: Failed to initialize component [Connector[HTTP/1.1-8080]]
	at org.apache.catalina.util.LifecycleBase.init(LifecycleBase.java:107)
	at org.apache.catalina.core.StandardService.initInternal(StandardService.java:568)
	at org.apache.catalina.util.LifecycleBase.init(LifecycleBase.java:102)
	at org.apache.catalina.core.StandardServer.initInternal(StandardServer.java:871)
	at org.apache.catalina.util.LifecycleBase.init(LifecycleBase.java:102)
	at org.apache.catalina.startup.Catalina.load(Catalina.java:581)
	at org.apache.catalina.startup.Catalina.load(Catalina.java:604)
	at sun.reflect.NativeMethodAccessorImpl.invoke0(Native Method)
	at sun.reflect.NativeMethodAccessorImpl.invoke(NativeMethodAccessorImpl.java:62)
	at sun.reflect.DelegatingMethodAccessorImpl.invoke(DelegatingMethodAccessorImpl.java:43)
	at java.lang.reflect.Method.invoke(Method.java:498)
	at org.apache.catalina.startup.Bootstrap.load(Bootstrap.java:308)
	at org.apache.catalina.startup.Bootstrap.main(Bootstrap.java:482)
Caused by: org.apache.catalina.LifecycleException: Protocol handler initialization failed
	at org.apache.catalina.connector.Connector.initInternal(Connector.java:962)
	at org.apache.catalina.util.LifecycleBase.init(LifecycleBase.java:102)
	... 12 more
Caused by: java.lang.Exception: Socket bind failed: [730013] ???????????????®™????°Ń??????°§??????°Ń?
	at org.apache.tomcat.util.net.AprEndpoint.bind(AprEndpoint.java:471)
	at org.apache.tomcat.util.net.AbstractEndpoint.init(AbstractEndpoint.java:823)
	at org.apache.coyote.AbstractProtocol.init(AbstractProtocol.java:476)
	at org.apache.catalina.connector.Connector.initInternal(Connector.java:960)
	... 13 more

28-Nov-2022 21:41:08.154 –ŇŌĘ [main] org.apache.coyote.AbstractProtocol.init Initializing ProtocolHandler ["ajp-apr-8009"]
28-Nov-2022 21:41:08.160 —Ō÷ō [main] org.apache.coyote.AbstractProtocol.init Failed to initialize end point associated with ProtocolHandler ["ajp-apr-8009"]
 java.lang.Exception: Socket bind failed: [730013] ???????????????®™????°Ń??????°§??????°Ń?
	at org.apache.tomcat.util.net.AprEndpoint.bind(AprEndpoint.java:471)
	at org.apache.tomcat.util.net.AbstractEndpoint.init(AbstractEndpoint.java:823)
	at org.apache.coyote.AbstractProtocol.init(AbstractProtocol.java:476)
	at org.apache.catalina.connector.Connector.initInternal(Connector.java:960)
	at org.apache.catalina.util.LifecycleBase.init(LifecycleBase.java:102)
	at org.apache.catalina.core.StandardService.initInternal(StandardService.java:568)
	at org.apache.catalina.util.LifecycleBase.init(LifecycleBase.java:102)
	at org.apache.catalina.core.StandardServer.initInternal(StandardServer.java:871)
	at org.apache.catalina.util.LifecycleBase.init(LifecycleBase.java:102)
	at org.apache.catalina.startup.Catalina.load(Catalina.java:581)
	at org.apache.catalina.startup.Catalina.load(Catalina.java:604)
	at sun.reflect.NativeMethodAccessorImpl.invoke0(Native Method)
	at sun.reflect.NativeMethodAccessorImpl.invoke(NativeMethodAccessorImpl.java:62)
	at sun.reflect.DelegatingMethodAccessorImpl.invoke(DelegatingMethodAccessorImpl.java:43)
	at java.lang.reflect.Method.invoke(Method.java:498)
	at org.apache.catalina.startup.Bootstrap.load(Bootstrap.java:308)
	at org.apache.catalina.startup.Bootstrap.main(Bootstrap.java:482)

28-Nov-2022 21:41:08.166 —Ō÷ō [main] org.apache.catalina.core.StandardService.initInternal Failed to initialize connector [Connector[AJP/1.3-8009]]
 org.apache.catalina.LifecycleException: Failed to initialize component [Connector[AJP/1.3-8009]]
	at org.apache.catalina.util.LifecycleBase.init(LifecycleBase.java:107)
	at org.apache.catalina.core.StandardService.initInternal(StandardService.java:568)
	at org.apache.catalina.util.LifecycleBase.init(LifecycleBase.java:102)
	at org.apache.catalina.core.StandardServer.initInternal(StandardServer.java:871)
	at org.apache.catalina.util.LifecycleBase.init(LifecycleBase.java:102)
	at org.apache.catalina.startup.Catalina.load(Catalina.java:581)
	at org.apache.catalina.startup.Catalina.load(Catalina.java:604)
	at sun.reflect.NativeMethodAccessorImpl.invoke0(Native Method)
	at sun.reflect.NativeMethodAccessorImpl.invoke(NativeMethodAccessorImpl.java:62)
	at sun.reflect.DelegatingMethodAccessorImpl.invoke(DelegatingMethodAccessorImpl.java:43)
	at java.lang.reflect.Method.invoke(Method.java:498)
	at org.apache.catalina.startup.Bootstrap.load(Bootstrap.java:308)
	at org.apache.catalina.startup.Bootstrap.main(Bootstrap.java:482)
Caused by: org.apache.catalina.LifecycleException: Protocol handler initialization failed
	at org.apache.catalina.connector.Connector.initInternal(Connector.java:962)
	at org.apache.catalina.util.LifecycleBase.init(LifecycleBase.java:102)
	... 12 more
Caused by: java.lang.Exception: Socket bind failed: [730013] ???????????????®™????°Ń??????°§??????°Ń?
	at org.apache.tomcat.util.net.AprEndpoint.bind(AprEndpoint.java:471)
	at org.apache.tomcat.util.net.AbstractEndpoint.init(AbstractEndpoint.java:823)
	at org.apache.coyote.AbstractProtocol.init(AbstractProtocol.java:476)
	at org.apache.catalina.connector.Connector.initInternal(Connector.java:960)
	... 13 more

28-Nov-2022 21:41:08.168 –ŇŌĘ [main] org.apache.catalina.startup.Catalina.load Initialization processed in 2053 ms
28-Nov-2022 21:41:08.236 –ŇŌĘ [main] org.apache.catalina.core.StandardService.startInternal Starting service Catalina
28-Nov-2022 21:41:08.237 –ŇŌĘ [main] org.apache.catalina.core.StandardEngine.startInternal Starting Servlet Engine: Apache Tomcat/8.0.49
28-Nov-2022 21:41:08.255 –ŇŌĘ [localhost-startStop-1] org.apache.catalina.startup.HostConfig.deployDirectory Deploying web application directory H:\Program Files\eclipse_mars\apache-tomcat-8.0.49\webapps\docs
28-Nov-2022 21:41:08.845 ĺĮłś [localhost-startStop-1] org.apache.catalina.util.SessionIdGeneratorBase.createSecureRandom Creation of SecureRandom instance for session ID generation using [SHA1PRNG] took [234] milliseconds.
28-Nov-2022 21:41:08.866 –ŇŌĘ [localhost-startStop-1] org.apache.catalina.startup.HostConfig.deployDirectory Deployment of web application directory H:\Program Files\eclipse_mars\apache-tomcat-8.0.49\webapps\docs has finished in 611 ms
28-Nov-2022 21:41:08.868 –ŇŌĘ [localhost-startStop-1] org.apache.catalina.startup.HostConfig.deployDirectory Deploying web application directory H:\Program Files\eclipse_mars\apache-tomcat-8.0.49\webapps\examples
28-Nov-2022 21:41:09.443 –ŇŌĘ [localhost-startStop-1] org.apache.catalina.startup.HostConfig.deployDirectory Deployment of web application directory H:\Program Files\eclipse_mars\apache-tomcat-8.0.49\webapps\examples has finished in 575 ms
28-Nov-2022 21:41:09.443 –ŇŌĘ [localhost-startStop-1] org.apache.catalina.startup.HostConfig.deployDirectory Deploying web application directory H:\Program Files\eclipse_mars\apache-tomcat-8.0.49\webapps\host-manager
28-Nov-2022 21:41:09.494 –ŇŌĘ [localhost-startStop-1] org.apache.catalina.startup.HostConfig.deployDirectory Deployment of web application directory H:\Program Files\eclipse_mars\apache-tomcat-8.0.49\webapps\host-manager has finished in 51 ms
28-Nov-2022 21:41:09.495 –ŇŌĘ [localhost-startStop-1] org.apache.catalina.startup.HostConfig.deployDirectory Deploying web application directory H:\Program Files\eclipse_mars\apache-tomcat-8.0.49\webapps\manager
28-Nov-2022 21:41:09.544 –ŇŌĘ [localhost-startStop-1] org.apache.catalina.startup.HostConfig.deployDirectory Deployment of web application directory H:\Program Files\eclipse_mars\apache-tomcat-8.0.49\webapps\manager has finished in 49 ms
28-Nov-2022 21:41:09.544 –ŇŌĘ [localhost-startStop-1] org.apache.catalina.startup.HostConfig.deployDirectory Deploying web application directory H:\Program Files\eclipse_mars\apache-tomcat-8.0.49\webapps\ROOT
28-Nov-2022 21:41:09.576 –ŇŌĘ [localhost-startStop-1] org.apache.catalina.startup.HostConfig.deployDirectory Deployment of web application directory H:\Program Files\eclipse_mars\apache-tomcat-8.0.49\webapps\ROOT has finished in 31 ms
28-Nov-2022 21:41:09.579 –ŇŌĘ [main] org.apache.catalina.startup.Catalina.start Server startup in 1408 ms
28-Nov-2022 21:41:09.589 —Ō÷ō [main] org.apache.catalina.core.StandardServer.await StandardServer.await: create[localhost:8005]: 
 java.net.BindException: Address already in use: JVM_Bind
	at java.net.DualStackPlainSocketImpl.bind0(Native Method)
	at java.net.DualStackPlainSocketImpl.socketBind(DualStackPlainSocketImpl.java:106)
	at java.net.AbstractPlainSocketImpl.bind(AbstractPlainSocketImpl.java:387)
	at java.net.PlainSocketImpl.bind(PlainSocketImpl.java:190)
	at java.net.ServerSocket.bind(ServerSocket.java:375)
	at java.net.ServerSocket.<init>(ServerSocket.java:237)
	at org.apache.catalina.core.StandardServer.await(StandardServer.java:438)
	at org.apache.catalina.startup.Catalina.await(Catalina.java:718)
	at org.apache.catalina.startup.Catalina.start(Catalina.java:664)
	at sun.reflect.NativeMethodAccessorImpl.invoke0(Native Method)
	at sun.reflect.NativeMethodAccessorImpl.invoke(NativeMethodAccessorImpl.java:62)
	at sun.reflect.DelegatingMethodAccessorImpl.invoke(DelegatingMethodAccessorImpl.java:43)
	at java.lang.reflect.Method.invoke(Method.java:498)
	at org.apache.catalina.startup.Bootstrap.start(Bootstrap.java:349)
	at org.apache.catalina.startup.Bootstrap.main(Bootstrap.java:483)

28-Nov-2022 21:41:09.590 –ŇŌĘ [main] org.apache.coyote.AbstractProtocol.pause Pausing ProtocolHandler ["http-apr-8080"]
28-Nov-2022 21:41:09.591 –ŇŌĘ [main] org.apache.coyote.AbstractProtocol.pause Pausing ProtocolHandler ["ajp-apr-8009"]
28-Nov-2022 21:41:09.591 –ŇŌĘ [main] org.apache.catalina.core.StandardService.stopInternal Stopping service Catalina
28-Nov-2022 21:41:09.614 –ŇŌĘ [main] org.apache.coyote.AbstractProtocol.stop Stopping ProtocolHandler ["http-apr-8080"]
28-Nov-2022 21:41:09.616 –ŇŌĘ [main] org.apache.coyote.AbstractProtocol.destroy Destroying ProtocolHandler ["http-apr-8080"]
28-Nov-2022 21:41:09.617 –ŇŌĘ [main] org.apache.coyote.AbstractProtocol.stop Stopping ProtocolHandler ["ajp-apr-8009"]
28-Nov-2022 21:41:09.618 –ŇŌĘ [main] org.apache.coyote.AbstractProtocol.destroy Destroying ProtocolHandler ["ajp-apr-8009"]
28-Nov-2022 21:41:12.772 –ŇŌĘ [main] org.apache.catalina.startup.VersionLoggerListener.log Server version:        Apache Tomcat/8.0.49
28-Nov-2022 21:41:12.777 –ŇŌĘ [main] org.apache.catalina.startup.VersionLoggerListener.log Server built:          Jan 19 2018 20:21:23 UTC
28-Nov-2022 21:41:12.778 –ŇŌĘ [main] org.apache.catalina.startup.VersionLoggerListener.log Server number:         8.0.49.0
28-Nov-2022 21:41:12.778 –ŇŌĘ [main] org.apache.catalina.startup.VersionLoggerListener.log OS Name:               Windows 10
28-Nov-2022 21:41:12.778 –ŇŌĘ [main] org.apache.catalina.startup.VersionLoggerListener.log OS Version:            10.0
28-Nov-2022 21:41:12.778 –ŇŌĘ [main] org.apache.catalina.startup.VersionLoggerListener.log Architecture:          amd64
28-Nov-2022 21:41:12.779 –ŇŌĘ [main] org.apache.catalina.startup.VersionLoggerListener.log Java Home:             C:\Program Files\Java\jdk1.8.0_131\jre
28-Nov-2022 21:41:12.779 –ŇŌĘ [main] org.apache.catalina.startup.VersionLoggerListener.log JVM Version:           1.8.0_131-b11
28-Nov-2022 21:41:12.779 –ŇŌĘ [main] org.apache.catalina.startup.VersionLoggerListener.log JVM Vendor:            Oracle Corporation
28-Nov-2022 21:41:12.779 –ŇŌĘ [main] org.apache.catalina.startup.VersionLoggerListener.log CATALINA_BASE:         H:\Program Files\eclipse_mars\apache-tomcat-8.0.49
28-Nov-2022 21:41:12.779 –ŇŌĘ [main] org.apache.catalina.startup.VersionLoggerListener.log CATALINA_HOME:         H:\Program Files\eclipse_mars\apache-tomcat-8.0.49
28-Nov-2022 21:41:12.780 –ŇŌĘ [main] org.apache.catalina.startup.VersionLoggerListener.log Command line argument: -Djava.util.logging.config.file=H:\Program Files\eclipse_mars\apache-tomcat-8.0.49\conf\logging.properties
28-Nov-2022 21:41:12.780 –ŇŌĘ [main] org.apache.catalina.startup.VersionLoggerListener.log Command line argument: -Djava.util.logging.manager=org.apache.juli.ClassLoaderLogManager
28-Nov-2022 21:41:12.780 –ŇŌĘ [main] org.apache.catalina.startup.VersionLoggerListener.log Command line argument: -Djdk.tls.ephemeralDHKeySize=2048
28-Nov-2022 21:41:12.780 –ŇŌĘ [main] org.apache.catalina.startup.VersionLoggerListener.log Command line argument: -Djava.protocol.handler.pkgs=org.apache.catalina.webresources
28-Nov-2022 21:41:12.781 –ŇŌĘ [main] org.apache.catalina.startup.VersionLoggerListener.log Command line argument: -Dignore.endorsed.dirs=
28-Nov-2022 21:41:12.781 –ŇŌĘ [main] org.apache.catalina.startup.VersionLoggerListener.log Command line argument: -Dcatalina.base=H:\Program Files\eclipse_mars\apache-tomcat-8.0.49
28-Nov-2022 21:41:12.782 –ŇŌĘ [main] org.apache.catalina.startup.VersionLoggerListener.log Command line argument: -Dcatalina.home=H:\Program Files\eclipse_mars\apache-tomcat-8.0.49
28-Nov-2022 21:41:12.782 –ŇŌĘ [main] org.apache.catalina.startup.VersionLoggerListener.log Command line argument: -Djava.io.tmpdir=H:\Program Files\eclipse_mars\apache-tomcat-8.0.49\temp
28-Nov-2022 21:41:12.783 –ŇŌĘ [main] org.apache.catalina.core.AprLifecycleListener.lifecycleEvent Loaded APR based Apache Tomcat Native library 1.2.16 using APR version 1.6.3.
28-Nov-2022 21:41:12.785 –ŇŌĘ [main] org.apache.catalina.core.AprLifecycleListener.lifecycleEvent APR capabilities: IPv6 [true], sendfile [true], accept filters [false], random [true].
28-Nov-2022 21:41:13.801 –ŇŌĘ [main] org.apache.catalina.core.AprLifecycleListener.initializeSSL OpenSSL successfully initialized (OpenSSL 1.0.2m  2 Nov 2017)
28-Nov-2022 21:41:13.979 –ŇŌĘ [main] org.apache.coyote.AbstractProtocol.init Initializing ProtocolHandler ["http-apr-8080"]
28-Nov-2022 21:41:13.997 —Ō÷ō [main] org.apache.coyote.AbstractProtocol.init Failed to initialize end point associated with ProtocolHandler ["http-apr-8080"]
 java.lang.Exception: Socket bind failed: [730013] ???????????????®™????°Ń??????°§??????°Ń?
	at org.apache.tomcat.util.net.AprEndpoint.bind(AprEndpoint.java:471)
	at org.apache.tomcat.util.net.AbstractEndpoint.init(AbstractEndpoint.java:823)
	at org.apache.coyote.AbstractProtocol.init(AbstractProtocol.java:476)
	at org.apache.catalina.connector.Connector.initInternal(Connector.java:960)
	at org.apache.catalina.util.LifecycleBase.init(LifecycleBase.java:102)
	at org.apache.catalina.core.StandardService.initInternal(StandardService.java:568)
	at org.apache.catalina.util.LifecycleBase.init(LifecycleBase.java:102)
	at org.apache.catalina.core.StandardServer.initInternal(StandardServer.java:871)
	at org.apache.catalina.util.LifecycleBase.init(LifecycleBase.java:102)
	at org.apache.catalina.startup.Catalina.load(Catalina.java:581)
	at org.apache.catalina.startup.Catalina.load(Catalina.java:604)
	at sun.reflect.NativeMethodAccessorImpl.invoke0(Native Method)
	at sun.reflect.NativeMethodAccessorImpl.invoke(NativeMethodAccessorImpl.java:62)
	at sun.reflect.DelegatingMethodAccessorImpl.invoke(DelegatingMethodAccessorImpl.java:43)
	at java.lang.reflect.Method.invoke(Method.java:498)
	at org.apache.catalina.startup.Bootstrap.load(Bootstrap.java:308)
	at org.apache.catalina.startup.Bootstrap.main(Bootstrap.java:482)

28-Nov-2022 21:41:13.999 —Ō÷ō [main] org.apache.catalina.core.StandardService.initInternal Failed to initialize connector [Connector[HTTP/1.1-8080]]
 org.apache.catalina.LifecycleException: Failed to initialize component [Connector[HTTP/1.1-8080]]
	at org.apache.catalina.util.LifecycleBase.init(LifecycleBase.java:107)
	at org.apache.catalina.core.StandardService.initInternal(StandardService.java:568)
	at org.apache.catalina.util.LifecycleBase.init(LifecycleBase.java:102)
	at org.apache.catalina.core.StandardServer.initInternal(StandardServer.java:871)
	at org.apache.catalina.util.LifecycleBase.init(LifecycleBase.java:102)
	at org.apache.catalina.startup.Catalina.load(Catalina.java:581)
	at org.apache.catalina.startup.Catalina.load(Catalina.java:604)
	at sun.reflect.NativeMethodAccessorImpl.invoke0(Native Method)
	at sun.reflect.NativeMethodAccessorImpl.invoke(NativeMethodAccessorImpl.java:62)
	at sun.reflect.DelegatingMethodAccessorImpl.invoke(DelegatingMethodAccessorImpl.java:43)
	at java.lang.reflect.Method.invoke(Method.java:498)
	at org.apache.catalina.startup.Bootstrap.load(Bootstrap.java:308)
	at org.apache.catalina.startup.Bootstrap.main(Bootstrap.java:482)
Caused by: org.apache.catalina.LifecycleException: Protocol handler initialization failed
	at org.apache.catalina.connector.Connector.initInternal(Connector.java:962)
	at org.apache.catalina.util.LifecycleBase.init(LifecycleBase.java:102)
	... 12 more
Caused by: java.lang.Exception: Socket bind failed: [730013] ???????????????®™????°Ń??????°§??????°Ń?
	at org.apache.tomcat.util.net.AprEndpoint.bind(AprEndpoint.java:471)
	at org.apache.tomcat.util.net.AbstractEndpoint.init(AbstractEndpoint.java:823)
	at org.apache.coyote.AbstractProtocol.init(AbstractProtocol.java:476)
	at org.apache.catalina.connector.Connector.initInternal(Connector.java:960)
	... 13 more

28-Nov-2022 21:41:14.001 –ŇŌĘ [main] org.apache.coyote.AbstractProtocol.init Initializing ProtocolHandler ["ajp-apr-8009"]
28-Nov-2022 21:41:14.003 —Ō÷ō [main] org.apache.coyote.AbstractProtocol.init Failed to initialize end point associated with ProtocolHandler ["ajp-apr-8009"]
 java.lang.Exception: Socket bind failed: [730013] ???????????????®™????°Ń??????°§??????°Ń?
	at org.apache.tomcat.util.net.AprEndpoint.bind(AprEndpoint.java:471)
	at org.apache.tomcat.util.net.AbstractEndpoint.init(AbstractEndpoint.java:823)
	at org.apache.coyote.AbstractProtocol.init(AbstractProtocol.java:476)
	at org.apache.catalina.connector.Connector.initInternal(Connector.java:960)
	at org.apache.catalina.util.LifecycleBase.init(LifecycleBase.java:102)
	at org.apache.catalina.core.StandardService.initInternal(StandardService.java:568)
	at org.apache.catalina.util.LifecycleBase.init(LifecycleBase.java:102)
	at org.apache.catalina.core.StandardServer.initInternal(StandardServer.java:871)
	at org.apache.catalina.util.LifecycleBase.init(LifecycleBase.java:102)
	at org.apache.catalina.startup.Catalina.load(Catalina.java:581)
	at org.apache.catalina.startup.Catalina.load(Catalina.java:604)
	at sun.reflect.NativeMethodAccessorImpl.invoke0(Native Method)
	at sun.reflect.NativeMethodAccessorImpl.invoke(NativeMethodAccessorImpl.java:62)
	at sun.reflect.DelegatingMethodAccessorImpl.invoke(DelegatingMethodAccessorImpl.java:43)
	at java.lang.reflect.Method.invoke(Method.java:498)
	at org.apache.catalina.startup.Bootstrap.load(Bootstrap.java:308)
	at org.apache.catalina.startup.Bootstrap.main(Bootstrap.java:482)

28-Nov-2022 21:41:14.011 —Ō÷ō [main] org.apache.catalina.core.StandardService.initInternal Failed to initialize connector [Connector[AJP/1.3-8009]]
 org.apache.catalina.LifecycleException: Failed to initialize component [Connector[AJP/1.3-8009]]
	at org.apache.catalina.util.LifecycleBase.init(LifecycleBase.java:107)
	at org.apache.catalina.core.StandardService.initInternal(StandardService.java:568)
	at org.apache.catalina.util.LifecycleBase.init(LifecycleBase.java:102)
	at org.apache.catalina.core.StandardServer.initInternal(StandardServer.java:871)
	at org.apache.catalina.util.LifecycleBase.init(LifecycleBase.java:102)
	at org.apache.catalina.startup.Catalina.load(Catalina.java:581)
	at org.apache.catalina.startup.Catalina.load(Catalina.java:604)
	at sun.reflect.NativeMethodAccessorImpl.invoke0(Native Method)
	at sun.reflect.NativeMethodAccessorImpl.invoke(NativeMethodAccessorImpl.java:62)
	at sun.reflect.DelegatingMethodAccessorImpl.invoke(DelegatingMethodAccessorImpl.java:43)
	at java.lang.reflect.Method.invoke(Method.java:498)
	at org.apache.catalina.startup.Bootstrap.load(Bootstrap.java:308)
	at org.apache.catalina.startup.Bootstrap.main(Bootstrap.java:482)
Caused by: org.apache.catalina.LifecycleException: Protocol handler initialization failed
	at org.apache.catalina.connector.Connector.initInternal(Connector.java:962)
	at org.apache.catalina.util.LifecycleBase.init(LifecycleBase.java:102)
	... 12 more
Caused by: java.lang.Exception: Socket bind failed: [730013] ???????????????®™????°Ń??????°§??????°Ń?
	at org.apache.tomcat.util.net.AprEndpoint.bind(AprEndpoint.java:471)
	at org.apache.tomcat.util.net.AbstractEndpoint.init(AbstractEndpoint.java:823)
	at org.apache.coyote.AbstractProtocol.init(AbstractProtocol.java:476)
	at org.apache.catalina.connector.Connector.initInternal(Connector.java:960)
	... 13 more

28-Nov-2022 21:41:14.013 –ŇŌĘ [main] org.apache.catalina.startup.Catalina.load Initialization processed in 1738 ms
28-Nov-2022 21:41:14.055 –ŇŌĘ [main] org.apache.catalina.core.StandardService.startInternal Starting service Catalina
28-Nov-2022 21:41:14.055 –ŇŌĘ [main] org.apache.catalina.core.StandardEngine.startInternal Starting Servlet Engine: Apache Tomcat/8.0.49
28-Nov-2022 21:41:14.069 –ŇŌĘ [localhost-startStop-1] org.apache.catalina.startup.HostConfig.deployDirectory Deploying web application directory H:\Program Files\eclipse_mars\apache-tomcat-8.0.49\webapps\docs
28-Nov-2022 21:41:14.651 ĺĮłś [localhost-startStop-1] org.apache.catalina.util.SessionIdGeneratorBase.createSecureRandom Creation of SecureRandom instance for session ID generation using [SHA1PRNG] took [232] milliseconds.
28-Nov-2022 21:41:14.675 –ŇŌĘ [localhost-startStop-1] org.apache.catalina.startup.HostConfig.deployDirectory Deployment of web application directory H:\Program Files\eclipse_mars\apache-tomcat-8.0.49\webapps\docs has finished in 606 ms
28-Nov-2022 21:41:14.678 –ŇŌĘ [localhost-startStop-1] org.apache.catalina.startup.HostConfig.deployDirectory Deploying web application directory H:\Program Files\eclipse_mars\apache-tomcat-8.0.49\webapps\examples
28-Nov-2022 21:41:15.237 –ŇŌĘ [localhost-startStop-1] org.apache.catalina.startup.HostConfig.deployDirectory Deployment of web application directory H:\Program Files\eclipse_mars\apache-tomcat-8.0.49\webapps\examples has finished in 559 ms
28-Nov-2022 21:41:15.238 –ŇŌĘ [localhost-startStop-1] org.apache.catalina.startup.HostConfig.deployDirectory Deploying web application directory H:\Program Files\eclipse_mars\apache-tomcat-8.0.49\webapps\host-manager
28-Nov-2022 21:41:15.292 –ŇŌĘ [localhost-startStop-1] org.apache.catalina.startup.HostConfig.deployDirectory Deployment of web application directory H:\Program Files\eclipse_mars\apache-tomcat-8.0.49\webapps\host-manager has finished in 54 ms
28-Nov-2022 21:41:15.292 –ŇŌĘ [localhost-startStop-1] org.apache.catalina.startup.HostConfig.deployDirectory Deploying web application directory H:\Program Files\eclipse_mars\apache-tomcat-8.0.49\webapps\manager
28-Nov-2022 21:41:15.335 –ŇŌĘ [localhost-startStop-1] org.apache.catalina.startup.HostConfig.deployDirectory Deployment of web application directory H:\Program Files\eclipse_mars\apache-tomcat-8.0.49\webapps\manager has finished in 42 ms
28-Nov-2022 21:41:15.335 –ŇŌĘ [localhost-startStop-1] org.apache.catalina.startup.HostConfig.deployDirectory Deploying web application directory H:\Program Files\eclipse_mars\apache-tomcat-8.0.49\webapps\ROOT
28-Nov-2022 21:41:15.365 –ŇŌĘ [localhost-startStop-1] org.apache.catalina.startup.HostConfig.deployDirectory Deployment of web application directory H:\Program Files\eclipse_mars\apache-tomcat-8.0.49\webapps\ROOT has finished in 30 ms
28-Nov-2022 21:41:15.369 –ŇŌĘ [main] org.apache.catalina.startup.Catalina.start Server startup in 1355 ms
28-Nov-2022 21:41:15.378 —Ō÷ō [main] org.apache.catalina.core.StandardServer.await StandardServer.await: create[localhost:8005]: 
 java.net.BindException: Address already in use: JVM_Bind
	at java.net.DualStackPlainSocketImpl.bind0(Native Method)
	at java.net.DualStackPlainSocketImpl.socketBind(DualStackPlainSocketImpl.java:106)
	at java.net.AbstractPlainSocketImpl.bind(AbstractPlainSocketImpl.java:387)
	at java.net.PlainSocketImpl.bind(PlainSocketImpl.java:190)
	at java.net.ServerSocket.bind(ServerSocket.java:375)
	at java.net.ServerSocket.<init>(ServerSocket.java:237)
	at org.apache.catalina.core.StandardServer.await(StandardServer.java:438)
	at org.apache.catalina.startup.Catalina.await(Catalina.java:718)
	at org.apache.catalina.startup.Catalina.start(Catalina.java:664)
	at sun.reflect.NativeMethodAccessorImpl.invoke0(Native Method)
	at sun.reflect.NativeMethodAccessorImpl.invoke(NativeMethodAccessorImpl.java:62)
	at sun.reflect.DelegatingMethodAccessorImpl.invoke(DelegatingMethodAccessorImpl.java:43)
	at java.lang.reflect.Method.invoke(Method.java:498)
	at org.apache.catalina.startup.Bootstrap.start(Bootstrap.java:349)
	at org.apache.catalina.startup.Bootstrap.main(Bootstrap.java:483)

28-Nov-2022 21:41:15.379 –ŇŌĘ [main] org.apache.coyote.AbstractProtocol.pause Pausing ProtocolHandler ["http-apr-8080"]
28-Nov-2022 21:41:15.379 –ŇŌĘ [main] org.apache.coyote.AbstractProtocol.pause Pausing ProtocolHandler ["ajp-apr-8009"]
28-Nov-2022 21:41:15.380 –ŇŌĘ [main] org.apache.catalina.core.StandardService.stopInternal Stopping service Catalina
28-Nov-2022 21:41:15.405 –ŇŌĘ [main] org.apache.coyote.AbstractProtocol.stop Stopping ProtocolHandler ["http-apr-8080"]
28-Nov-2022 21:41:15.405 –ŇŌĘ [main] org.apache.coyote.AbstractProtocol.destroy Destroying ProtocolHandler ["http-apr-8080"]
28-Nov-2022 21:41:15.407 –ŇŌĘ [main] org.apache.coyote.AbstractProtocol.stop Stopping ProtocolHandler ["ajp-apr-8009"]
28-Nov-2022 21:41:15.408 –ŇŌĘ [main] org.apache.coyote.AbstractProtocol.destroy Destroying ProtocolHandler ["ajp-apr-8009"]
28-Nov-2022 21:41:28.017 –ŇŌĘ [main] org.apache.catalina.startup.VersionLoggerListener.log Server version:        Apache Tomcat/8.0.49
28-Nov-2022 21:41:28.022 –ŇŌĘ [main] org.apache.catalina.startup.VersionLoggerListener.log Server built:          Jan 19 2018 20:21:23 UTC
28-Nov-2022 21:41:28.022 –ŇŌĘ [main] org.apache.catalina.startup.VersionLoggerListener.log Server number:         8.0.49.0
28-Nov-2022 21:41:28.023 –ŇŌĘ [main] org.apache.catalina.startup.VersionLoggerListener.log OS Name:               Windows 10
28-Nov-2022 21:41:28.023 –ŇŌĘ [main] org.apache.catalina.startup.VersionLoggerListener.log OS Version:            10.0
28-Nov-2022 21:41:28.023 –ŇŌĘ [main] org.apache.catalina.startup.VersionLoggerListener.log Architecture:          amd64
28-Nov-2022 21:41:28.023 –ŇŌĘ [main] org.apache.catalina.startup.VersionLoggerListener.log Java Home:             C:\Program Files\Java\jdk1.8.0_131\jre
28-Nov-2022 21:41:28.023 –ŇŌĘ [main] org.apache.catalina.startup.VersionLoggerListener.log JVM Version:           1.8.0_131-b11
28-Nov-2022 21:41:28.023 –ŇŌĘ [main] org.apache.catalina.startup.VersionLoggerListener.log JVM Vendor:            Oracle Corporation
28-Nov-2022 21:41:28.023 –ŇŌĘ [main] org.apache.catalina.startup.VersionLoggerListener.log CATALINA_BASE:         H:\Program Files\eclipse_mars\apache-tomcat-8.0.49
28-Nov-2022 21:41:28.024 –ŇŌĘ [main] org.apache.catalina.startup.VersionLoggerListener.log CATALINA_HOME:         H:\Program Files\eclipse_mars\apache-tomcat-8.0.49
28-Nov-2022 21:41:28.024 –ŇŌĘ [main] org.apache.catalina.startup.VersionLoggerListener.log Command line argument: -Djava.util.logging.config.file=H:\Program Files\eclipse_mars\apache-tomcat-8.0.49\conf\logging.properties
28-Nov-2022 21:41:28.024 –ŇŌĘ [main] org.apache.catalina.startup.VersionLoggerListener.log Command line argument: -Djava.util.logging.manager=org.apache.juli.ClassLoaderLogManager
28-Nov-2022 21:41:28.024 –ŇŌĘ [main] org.apache.catalina.startup.VersionLoggerListener.log Command line argument: -Djdk.tls.ephemeralDHKeySize=2048
28-Nov-2022 21:41:28.025 –ŇŌĘ [main] org.apache.catalina.startup.VersionLoggerListener.log Command line argument: -Djava.protocol.handler.pkgs=org.apache.catalina.webresources
28-Nov-2022 21:41:28.025 –ŇŌĘ [main] org.apache.catalina.startup.VersionLoggerListener.log Command line argument: -Dignore.endorsed.dirs=
28-Nov-2022 21:41:28.025 –ŇŌĘ [main] org.apache.catalina.startup.VersionLoggerListener.log Command line argument: -Dcatalina.base=H:\Program Files\eclipse_mars\apache-tomcat-8.0.49
28-Nov-2022 21:41:28.026 –ŇŌĘ [main] org.apache.catalina.startup.VersionLoggerListener.log Command line argument: -Dcatalina.home=H:\Program Files\eclipse_mars\apache-tomcat-8.0.49
28-Nov-2022 21:41:28.026 –ŇŌĘ [main] org.apache.catalina.startup.VersionLoggerListener.log Command line argument: -Djava.io.tmpdir=H:\Program Files\eclipse_mars\apache-tomcat-8.0.49\temp
28-Nov-2022 21:41:28.027 –ŇŌĘ [main] org.apache.catalina.core.AprLifecycleListener.lifecycleEvent Loaded APR based Apache Tomcat Native library 1.2.16 using APR version 1.6.3.
28-Nov-2022 21:41:28.028 –ŇŌĘ [main] org.apache.catalina.core.AprLifecycleListener.lifecycleEvent APR capabilities: IPv6 [true], sendfile [true], accept filters [false], random [true].
28-Nov-2022 21:41:29.043 –ŇŌĘ [main] org.apache.catalina.core.AprLifecycleListener.initializeSSL OpenSSL successfully initialized (OpenSSL 1.0.2m  2 Nov 2017)
28-Nov-2022 21:41:29.217 –ŇŌĘ [main] org.apache.coyote.AbstractProtocol.init Initializing ProtocolHandler ["http-apr-8080"]
28-Nov-2022 21:41:29.234 —Ō÷ō [main] org.apache.coyote.AbstractProtocol.init Failed to initialize end point associated with ProtocolHandler ["http-apr-8080"]
 java.lang.Exception: Socket bind failed: [730013] ???????????????®™????°Ń??????°§??????°Ń?
	at org.apache.tomcat.util.net.AprEndpoint.bind(AprEndpoint.java:471)
	at org.apache.tomcat.util.net.AbstractEndpoint.init(AbstractEndpoint.java:823)
	at org.apache.coyote.AbstractProtocol.init(AbstractProtocol.java:476)
	at org.apache.catalina.connector.Connector.initInternal(Connector.java:960)
	at org.apache.catalina.util.LifecycleBase.init(LifecycleBase.java:102)
	at org.apache.catalina.core.StandardService.initInternal(StandardService.java:568)
	at org.apache.catalina.util.LifecycleBase.init(LifecycleBase.java:102)
	at org.apache.catalina.core.StandardServer.initInternal(StandardServer.java:871)
	at org.apache.catalina.util.LifecycleBase.init(LifecycleBase.java:102)
	at org.apache.catalina.startup.Catalina.load(Catalina.java:581)
	at org.apache.catalina.startup.Catalina.load(Catalina.java:604)
	at sun.reflect.NativeMethodAccessorImpl.invoke0(Native Method)
	at sun.reflect.NativeMethodAccessorImpl.invoke(NativeMethodAccessorImpl.java:62)
	at sun.reflect.DelegatingMethodAccessorImpl.invoke(DelegatingMethodAccessorImpl.java:43)
	at java.lang.reflect.Method.invoke(Method.java:498)
	at org.apache.catalina.startup.Bootstrap.load(Bootstrap.java:308)
	at org.apache.catalina.startup.Bootstrap.main(Bootstrap.java:482)

28-Nov-2022 21:41:29.236 —Ō÷ō [main] org.apache.catalina.core.StandardService.initInternal Failed to initialize connector [Connector[HTTP/1.1-8080]]
 org.apache.catalina.LifecycleException: Failed to initialize component [Connector[HTTP/1.1-8080]]
	at org.apache.catalina.util.LifecycleBase.init(LifecycleBase.java:107)
	at org.apache.catalina.core.StandardService.initInternal(StandardService.java:568)
	at org.apache.catalina.util.LifecycleBase.init(LifecycleBase.java:102)
	at org.apache.catalina.core.StandardServer.initInternal(StandardServer.java:871)
	at org.apache.catalina.util.LifecycleBase.init(LifecycleBase.java:102)
	at org.apache.catalina.startup.Catalina.load(Catalina.java:581)
	at org.apache.catalina.startup.Catalina.load(Catalina.java:604)
	at sun.reflect.NativeMethodAccessorImpl.invoke0(Native Method)
	at sun.reflect.NativeMethodAccessorImpl.invoke(NativeMethodAccessorImpl.java:62)
	at sun.reflect.DelegatingMethodAccessorImpl.invoke(DelegatingMethodAccessorImpl.java:43)
	at java.lang.reflect.Method.invoke(Method.java:498)
	at org.apache.catalina.startup.Bootstrap.load(Bootstrap.java:308)
	at org.apache.catalina.startup.Bootstrap.main(Bootstrap.java:482)
Caused by: org.apache.catalina.LifecycleException: Protocol handler initialization failed
	at org.apache.catalina.connector.Connector.initInternal(Connector.java:962)
	at org.apache.catalina.util.LifecycleBase.init(LifecycleBase.java:102)
	... 12 more
Caused by: java.lang.Exception: Socket bind failed: [730013] ???????????????®™????°Ń??????°§??????°Ń?
	at org.apache.tomcat.util.net.AprEndpoint.bind(AprEndpoint.java:471)
	at org.apache.tomcat.util.net.AbstractEndpoint.init(AbstractEndpoint.java:823)
	at org.apache.coyote.AbstractProtocol.init(AbstractProtocol.java:476)
	at org.apache.catalina.connector.Connector.initInternal(Connector.java:960)
	... 13 more

28-Nov-2022 21:41:29.238 –ŇŌĘ [main] org.apache.coyote.AbstractProtocol.init Initializing ProtocolHandler ["ajp-apr-8009"]
28-Nov-2022 21:41:29.249 —Ō÷ō [main] org.apache.coyote.AbstractProtocol.init Failed to initialize end point associated with ProtocolHandler ["ajp-apr-8009"]
 java.lang.Exception: Socket bind failed: [730013] ???????????????®™????°Ń??????°§??????°Ń?
	at org.apache.tomcat.util.net.AprEndpoint.bind(AprEndpoint.java:471)
	at org.apache.tomcat.util.net.AbstractEndpoint.init(AbstractEndpoint.java:823)
	at org.apache.coyote.AbstractProtocol.init(AbstractProtocol.java:476)
	at org.apache.catalina.connector.Connector.initInternal(Connector.java:960)
	at org.apache.catalina.util.LifecycleBase.init(LifecycleBase.java:102)
	at org.apache.catalina.core.StandardService.initInternal(StandardService.java:568)
	at org.apache.catalina.util.LifecycleBase.init(LifecycleBase.java:102)
	at org.apache.catalina.core.StandardServer.initInternal(StandardServer.java:871)
	at org.apache.catalina.util.LifecycleBase.init(LifecycleBase.java:102)
	at org.apache.catalina.startup.Catalina.load(Catalina.java:581)
	at org.apache.catalina.startup.Catalina.load(Catalina.java:604)
	at sun.reflect.NativeMethodAccessorImpl.invoke0(Native Method)
	at sun.reflect.NativeMethodAccessorImpl.invoke(NativeMethodAccessorImpl.java:62)
	at sun.reflect.DelegatingMethodAccessorImpl.invoke(DelegatingMethodAccessorImpl.java:43)
	at java.lang.reflect.Method.invoke(Method.java:498)
	at org.apache.catalina.startup.Bootstrap.load(Bootstrap.java:308)
	at org.apache.catalina.startup.Bootstrap.main(Bootstrap.java:482)

28-Nov-2022 21:41:29.250 —Ō÷ō [main] org.apache.catalina.core.StandardService.initInternal Failed to initialize connector [Connector[AJP/1.3-8009]]
 org.apache.catalina.LifecycleException: Failed to initialize component [Connector[AJP/1.3-8009]]
	at org.apache.catalina.util.LifecycleBase.init(LifecycleBase.java:107)
	at org.apache.catalina.core.StandardService.initInternal(StandardService.java:568)
	at org.apache.catalina.util.LifecycleBase.init(LifecycleBase.java:102)
	at org.apache.catalina.core.StandardServer.initInternal(StandardServer.java:871)
	at org.apache.catalina.util.LifecycleBase.init(LifecycleBase.java:102)
	at org.apache.catalina.startup.Catalina.load(Catalina.java:581)
	at org.apache.catalina.startup.Catalina.load(Catalina.java:604)
	at sun.reflect.NativeMethodAccessorImpl.invoke0(Native Method)
	at sun.reflect.NativeMethodAccessorImpl.invoke(NativeMethodAccessorImpl.java:62)
	at sun.reflect.DelegatingMethodAccessorImpl.invoke(DelegatingMethodAccessorImpl.java:43)
	at java.lang.reflect.Method.invoke(Method.java:498)
	at org.apache.catalina.startup.Bootstrap.load(Bootstrap.java:308)
	at org.apache.catalina.startup.Bootstrap.main(Bootstrap.java:482)
Caused by: org.apache.catalina.LifecycleException: Protocol handler initialization failed
	at org.apache.catalina.connector.Connector.initInternal(Connector.java:962)
	at org.apache.catalina.util.LifecycleBase.init(LifecycleBase.java:102)
	... 12 more
Caused by: java.lang.Exception: Socket bind failed: [730013] ???????????????®™????°Ń??????°§??????°Ń?
	at org.apache.tomcat.util.net.AprEndpoint.bind(AprEndpoint.java:471)
	at org.apache.tomcat.util.net.AbstractEndpoint.init(AbstractEndpoint.java:823)
	at org.apache.coyote.AbstractProtocol.init(AbstractProtocol.java:476)
	at org.apache.catalina.connector.Connector.initInternal(Connector.java:960)
	... 13 more

28-Nov-2022 21:41:29.251 –ŇŌĘ [main] org.apache.catalina.startup.Catalina.load Initialization processed in 1734 ms
28-Nov-2022 21:41:29.292 –ŇŌĘ [main] org.apache.catalina.core.StandardService.startInternal Starting service Catalina
28-Nov-2022 21:41:29.293 –ŇŌĘ [main] org.apache.catalina.core.StandardEngine.startInternal Starting Servlet Engine: Apache Tomcat/8.0.49
28-Nov-2022 21:41:29.309 –ŇŌĘ [localhost-startStop-1] org.apache.catalina.startup.HostConfig.deployDirectory Deploying web application directory H:\Program Files\eclipse_mars\apache-tomcat-8.0.49\webapps\docs
28-Nov-2022 21:41:52.534 –ŇŌĘ [main] org.apache.catalina.startup.VersionLoggerListener.log Server version:        Apache Tomcat/8.0.49
28-Nov-2022 21:41:52.541 –ŇŌĘ [main] org.apache.catalina.startup.VersionLoggerListener.log Server built:          Jan 19 2018 20:21:23 UTC
28-Nov-2022 21:41:52.541 –ŇŌĘ [main] org.apache.catalina.startup.VersionLoggerListener.log Server number:         8.0.49.0
28-Nov-2022 21:41:52.542 –ŇŌĘ [main] org.apache.catalina.startup.VersionLoggerListener.log OS Name:               Windows 10
28-Nov-2022 21:41:52.542 –ŇŌĘ [main] org.apache.catalina.startup.VersionLoggerListener.log OS Version:            10.0
28-Nov-2022 21:41:52.542 –ŇŌĘ [main] org.apache.catalina.startup.VersionLoggerListener.log Architecture:          amd64
28-Nov-2022 21:41:52.542 –ŇŌĘ [main] org.apache.catalina.startup.VersionLoggerListener.log Java Home:             C:\Program Files\Java\jdk1.8.0_131\jre
28-Nov-2022 21:41:52.543 –ŇŌĘ [main] org.apache.catalina.startup.VersionLoggerListener.log JVM Version:           1.8.0_131-b11
28-Nov-2022 21:41:52.543 –ŇŌĘ [main] org.apache.catalina.startup.VersionLoggerListener.log JVM Vendor:            Oracle Corporation
28-Nov-2022 21:41:52.543 –ŇŌĘ [main] org.apache.catalina.startup.VersionLoggerListener.log CATALINA_BASE:         H:\Program Files\eclipse_mars\apache-tomcat-8.0.49
28-Nov-2022 21:41:52.543 –ŇŌĘ [main] org.apache.catalina.startup.VersionLoggerListener.log CATALINA_HOME:         H:\Program Files\eclipse_mars\apache-tomcat-8.0.49
28-Nov-2022 21:41:52.544 –ŇŌĘ [main] org.apache.catalina.startup.VersionLoggerListener.log Command line argument: -Djava.util.logging.config.file=H:\Program Files\eclipse_mars\apache-tomcat-8.0.49\conf\logging.properties
28-Nov-2022 21:41:52.544 –ŇŌĘ [main] org.apache.catalina.startup.VersionLoggerListener.log Command line argument: -Djava.util.logging.manager=org.apache.juli.ClassLoaderLogManager
28-Nov-2022 21:41:52.544 –ŇŌĘ [main] org.apache.catalina.startup.VersionLoggerListener.log Command line argument: -Djdk.tls.ephemeralDHKeySize=2048
28-Nov-2022 21:41:52.545 –ŇŌĘ [main] org.apache.catalina.startup.VersionLoggerListener.log Command line argument: -Djava.protocol.handler.pkgs=org.apache.catalina.webresources
28-Nov-2022 21:41:52.545 –ŇŌĘ [main] org.apache.catalina.startup.VersionLoggerListener.log Command line argument: -Dignore.endorsed.dirs=
28-Nov-2022 21:41:52.545 –ŇŌĘ [main] org.apache.catalina.startup.VersionLoggerListener.log Command line argument: -Dcatalina.base=H:\Program Files\eclipse_mars\apache-tomcat-8.0.49
28-Nov-2022 21:41:52.546 –ŇŌĘ [main] org.apache.catalina.startup.VersionLoggerListener.log Command line argument: -Dcatalina.home=H:\Program Files\eclipse_mars\apache-tomcat-8.0.49
28-Nov-2022 21:41:52.547 –ŇŌĘ [main] org.apache.catalina.startup.VersionLoggerListener.log Command line argument: -Djava.io.tmpdir=H:\Program Files\eclipse_mars\apache-tomcat-8.0.49\temp
28-Nov-2022 21:41:52.553 –ŇŌĘ [main] org.apache.catalina.core.AprLifecycleListener.lifecycleEvent Loaded APR based Apache Tomcat Native library 1.2.16 using APR version 1.6.3.
28-Nov-2022 21:41:52.559 –ŇŌĘ [main] org.apache.catalina.core.AprLifecycleListener.lifecycleEvent APR capabilities: IPv6 [true], sendfile [true], accept filters [false], random [true].
28-Nov-2022 21:41:53.544 –ŇŌĘ [main] org.apache.catalina.core.AprLifecycleListener.initializeSSL OpenSSL successfully initialized (OpenSSL 1.0.2m  2 Nov 2017)
28-Nov-2022 21:41:53.718 –ŇŌĘ [main] org.apache.coyote.AbstractProtocol.init Initializing ProtocolHandler ["http-apr-8080"]
28-Nov-2022 21:41:53.740 –ŇŌĘ [main] org.apache.coyote.AbstractProtocol.init Initializing ProtocolHandler ["ajp-apr-8009"]
28-Nov-2022 21:41:53.745 –ŇŌĘ [main] org.apache.catalina.startup.Catalina.load Initialization processed in 1727 ms
28-Nov-2022 21:41:53.786 –ŇŌĘ [main] org.apache.catalina.core.StandardService.startInternal Starting service Catalina
28-Nov-2022 21:41:53.787 –ŇŌĘ [main] org.apache.catalina.core.StandardEngine.startInternal Starting Servlet Engine: Apache Tomcat/8.0.49
28-Nov-2022 21:41:53.801 –ŇŌĘ [localhost-startStop-1] org.apache.catalina.startup.HostConfig.deployDirectory Deploying web application directory H:\Program Files\eclipse_mars\apache-tomcat-8.0.49\webapps\docs
28-Nov-2022 21:41:54.379 ĺĮłś [localhost-startStop-1] org.apache.catalina.util.SessionIdGeneratorBase.createSecureRandom Creation of SecureRandom instance for session ID generation using [SHA1PRNG] took [230] milliseconds.
28-Nov-2022 21:41:54.405 –ŇŌĘ [localhost-startStop-1] org.apache.catalina.startup.HostConfig.deployDirectory Deployment of web application directory H:\Program Files\eclipse_mars\apache-tomcat-8.0.49\webapps\docs has finished in 603 ms
28-Nov-2022 21:41:54.406 –ŇŌĘ [localhost-startStop-1] org.apache.catalina.startup.HostConfig.deployDirectory Deploying web application directory H:\Program Files\eclipse_mars\apache-tomcat-8.0.49\webapps\examples
28-Nov-2022 21:41:54.963 –ŇŌĘ [localhost-startStop-1] org.apache.catalina.startup.HostConfig.deployDirectory Deployment of web application directory H:\Program Files\eclipse_mars\apache-tomcat-8.0.49\webapps\examples has finished in 557 ms
28-Nov-2022 21:41:54.964 –ŇŌĘ [localhost-startStop-1] org.apache.catalina.startup.HostConfig.deployDirectory Deploying web application directory H:\Program Files\eclipse_mars\apache-tomcat-8.0.49\webapps\host-manager
28-Nov-2022 21:41:55.006 –ŇŌĘ [localhost-startStop-1] org.apache.catalina.startup.HostConfig.deployDirectory Deployment of web application directory H:\Program Files\eclipse_mars\apache-tomcat-8.0.49\webapps\host-manager has finished in 42 ms
28-Nov-2022 21:41:55.007 –ŇŌĘ [localhost-startStop-1] org.apache.catalina.startup.HostConfig.deployDirectory Deploying web application directory H:\Program Files\eclipse_mars\apache-tomcat-8.0.49\webapps\manager
28-Nov-2022 21:41:55.049 –ŇŌĘ [localhost-startStop-1] org.apache.catalina.startup.HostConfig.deployDirectory Deployment of web application directory H:\Program Files\eclipse_mars\apache-tomcat-8.0.49\webapps\manager has finished in 42 ms
28-Nov-2022 21:41:55.050 –ŇŌĘ [localhost-startStop-1] org.apache.catalina.startup.HostConfig.deployDirectory Deploying web application directory H:\Program Files\eclipse_mars\apache-tomcat-8.0.49\webapps\ROOT
28-Nov-2022 21:41:55.083 –ŇŌĘ [localhost-startStop-1] org.apache.catalina.startup.HostConfig.deployDirectory Deployment of web application directory H:\Program Files\eclipse_mars\apache-tomcat-8.0.49\webapps\ROOT has finished in 33 ms
28-Nov-2022 21:41:55.087 –ŇŌĘ [main] org.apache.coyote.AbstractProtocol.start Starting ProtocolHandler ["http-apr-8080"]
28-Nov-2022 21:41:55.105 –ŇŌĘ [main] org.apache.coyote.AbstractProtocol.start Starting ProtocolHandler ["ajp-apr-8009"]
28-Nov-2022 21:41:55.113 –ŇŌĘ [main] org.apache.catalina.startup.Catalina.start Server startup in 1367 ms
28-Nov-2022 21:45:56.319 –ŇŌĘ [Thread-3] org.apache.coyote.AbstractProtocol.pause Pausing ProtocolHandler ["http-apr-8080"]
28-Nov-2022 21:45:56.374 –ŇŌĘ [Thread-3] org.apache.coyote.AbstractProtocol.pause Pausing ProtocolHandler ["ajp-apr-8009"]
28-Nov-2022 21:45:56.425 –ŇŌĘ [Thread-3] org.apache.catalina.core.StandardService.stopInternal Stopping service Catalina
28-Nov-2022 21:45:56.453 –ŇŌĘ [Thread-3] org.apache.coyote.AbstractProtocol.stop Stopping ProtocolHandler ["http-apr-8080"]
28-Nov-2022 21:45:56.507 –ŇŌĘ [Thread-3] org.apache.coyote.AbstractProtocol.stop Stopping ProtocolHandler ["ajp-apr-8009"]
28-Nov-2022 21:45:56.559 –ŇŌĘ [Thread-3] org.apache.coyote.AbstractProtocol.destroy Destroying ProtocolHandler ["http-apr-8080"]
28-Nov-2022 21:45:56.559 –ŇŌĘ [Thread-3] org.apache.coyote.AbstractProtocol.destroy Destroying ProtocolHandler ["ajp-apr-8009"]
