08-Sep-2022 10:09:14.110 ĺĮłś [main] org.apache.tomcat.util.digester.SetPropertiesRule.begin [SetPropertiesRule]{Server/Service/Engine/Host/Context} Setting property 'source' to 'org.eclipse.jst.j2ee.server:sdcloud' did not find a matching property.
08-Sep-2022 10:09:14.133 –ŇŌĘ [main] org.apache.catalina.startup.VersionLoggerListener.log Server version:        Apache Tomcat/8.0.49
08-Sep-2022 10:09:14.134 –ŇŌĘ [main] org.apache.catalina.startup.VersionLoggerListener.log Server built:          Jan 19 2018 20:21:23 UTC
08-Sep-2022 10:09:14.134 –ŇŌĘ [main] org.apache.catalina.startup.VersionLoggerListener.log Server number:         8.0.49.0
08-Sep-2022 10:09:14.134 –ŇŌĘ [main] org.apache.catalina.startup.VersionLoggerListener.log OS Name:               Windows 10
08-Sep-2022 10:09:14.134 –ŇŌĘ [main] org.apache.catalina.startup.VersionLoggerListener.log OS Version:            10.0
08-Sep-2022 10:09:14.135 –ŇŌĘ [main] org.apache.catalina.startup.VersionLoggerListener.log Architecture:          amd64
08-Sep-2022 10:09:14.135 –ŇŌĘ [main] org.apache.catalina.startup.VersionLoggerListener.log Java Home:             C:\Program Files\Java\jdk1.8.0_131\jre
08-Sep-2022 10:09:14.135 –ŇŌĘ [main] org.apache.catalina.startup.VersionLoggerListener.log JVM Version:           1.8.0_131-b11
08-Sep-2022 10:09:14.135 –ŇŌĘ [main] org.apache.catalina.startup.VersionLoggerListener.log JVM Vendor:            Oracle Corporation
08-Sep-2022 10:09:14.136 –ŇŌĘ [main] org.apache.catalina.startup.VersionLoggerListener.log CATALINA_BASE:         H:\Program Files\eclipse_mars\apache-tomcat-8.0.49
08-Sep-2022 10:09:14.136 –ŇŌĘ [main] org.apache.catalina.startup.VersionLoggerListener.log CATALINA_HOME:         H:\Program Files\eclipse_mars\apache-tomcat-8.0.49
08-Sep-2022 10:09:14.137 –ŇŌĘ [main] org.apache.catalina.startup.VersionLoggerListener.log Command line argument: -Djava.util.logging.config.file=H:/Program Files/eclipse_mars/apache-tomcat-8.0.49/conf/logging.properties
08-Sep-2022 10:09:14.137 –ŇŌĘ [main] org.apache.catalina.startup.VersionLoggerListener.log Command line argument: -Djava.util.logging.manager=org.apache.juli.ClassLoaderLogManager
08-Sep-2022 10:09:14.137 –ŇŌĘ [main] org.apache.catalina.startup.VersionLoggerListener.log Command line argument: -Djdk.tls.ephemeralDHKeySize=2048
08-Sep-2022 10:09:14.137 –ŇŌĘ [main] org.apache.catalina.startup.VersionLoggerListener.log Command line argument: -Djava.protocol.handler.pkgs=org.apache.catalina.webresources
08-Sep-2022 10:09:14.138 –ŇŌĘ [main] org.apache.catalina.startup.VersionLoggerListener.log Command line argument: -Dignore.endorsed.dirs=
08-Sep-2022 10:09:14.138 –ŇŌĘ [main] org.apache.catalina.startup.VersionLoggerListener.log Command line argument: -Dcatalina.base=H:/Program Files/eclipse_mars/apache-tomcat-8.0.49
08-Sep-2022 10:09:14.144 –ŇŌĘ [main] org.apache.catalina.startup.VersionLoggerListener.log Command line argument: -Dcatalina.home=H:/Program Files/eclipse_mars/apache-tomcat-8.0.49
08-Sep-2022 10:09:14.145 –ŇŌĘ [main] org.apache.catalina.startup.VersionLoggerListener.log Command line argument: -Djava.io.tmpdir=H:/Program Files/eclipse_mars/apache-tomcat-8.0.49/temp
08-Sep-2022 10:09:14.145 –ŇŌĘ [main] org.apache.catalina.core.AprLifecycleListener.lifecycleEvent The APR based Apache Tomcat Native library which allows optimal performance in production environments was not found on the java.library.path: C:\Program Files\Java\jdk1.8.0_131\bin;C:\WINDOWS\Sun\Java\bin;C:\WINDOWS\system32;C:\WINDOWS;C:\Users\yanan\bin;H:\Program Files\Git\mingw64\bin;H:\Program Files\Git\usr\local\bin;H:\Program Files\Git\usr\bin;H:\Program Files\Git\usr\bin;H:\Program Files\Git\mingw64\bin;H:\Program Files\Git\usr\bin;C:\Users\yanan\bin;C:\ProgramData\Oracle\Java\javapath;C:\WINDOWS\system32;C:\WINDOWS;C:\WINDOWS\System32\Wbem;C:\WINDOWS\System32\WindowsPowerShell\v1.0;C:\Program Files\Java\jdk1.8.0_131\bin;C:\Program Files\MySQL\MySQL Server 5.5\bin;H:\Program Files\MySQL\MySQL Server 5.5\bin;H:\Program Files\Git\cmd;H:\Program Files\OpenVPN\bin;H:\Program Files\apache-maven-3.3.9\bin;C:\WINDOWS\System32\OpenSSH;H:\Program Files\Go\bin;C:\Program Files (x86)\NVIDIA Corporation\PhysX\Common;C:\Users\yanan\AppData\Local\Microsoft\WindowsApps;C:\texlive\2016\bin\win32;C:\Users\yanan\go\bin;H:\Program Files\Git\usr\bin\vendor_perl;H:\Program Files\Git\usr\bin\core_perl;.
08-Sep-2022 10:09:14.345 –ŇŌĘ [main] org.apache.coyote.AbstractProtocol.init Initializing ProtocolHandler ["http-nio-8080"]
08-Sep-2022 10:09:14.696 –ŇŌĘ [main] org.apache.tomcat.util.net.NioSelectorPool.getSharedSelector Using a shared selector for servlet write/read
08-Sep-2022 10:09:14.699 –ŇŌĘ [main] org.apache.coyote.AbstractProtocol.init Initializing ProtocolHandler ["ajp-nio-8009"]
08-Sep-2022 10:09:14.701 –ŇŌĘ [main] org.apache.tomcat.util.net.NioSelectorPool.getSharedSelector Using a shared selector for servlet write/read
08-Sep-2022 10:09:14.702 –ŇŌĘ [main] org.apache.catalina.startup.Catalina.load Initialization processed in 1124 ms
08-Sep-2022 10:09:14.749 –ŇŌĘ [main] org.apache.catalina.core.StandardService.startInternal Starting service Catalina
08-Sep-2022 10:09:14.749 –ŇŌĘ [main] org.apache.catalina.core.StandardEngine.startInternal Starting Servlet Engine: Apache Tomcat/8.0.49
08-Sep-2022 10:09:14.803 —Ō÷ō [Catalina-startStop-1] org.apache.catalina.core.ContainerBase.startInternal A child container failed during start
 java.util.concurrent.ExecutionException: org.apache.catalina.LifecycleException: Failed to start component [StandardEngine[Catalina].StandardHost[localhost].StandardContext[/sdcloud]]
	at java.util.concurrent.FutureTask.report(FutureTask.java:122)
	at java.util.concurrent.FutureTask.get(FutureTask.java:192)
	at org.apache.catalina.core.ContainerBase.startInternal(ContainerBase.java:943)
	at org.apache.catalina.core.StandardHost.startInternal(StandardHost.java:871)
	at org.apache.catalina.util.LifecycleBase.start(LifecycleBase.java:145)
	at org.apache.catalina.core.ContainerBase$StartChild.call(ContainerBase.java:1408)
	at org.apache.catalina.core.ContainerBase$StartChild.call(ContainerBase.java:1398)
	at java.util.concurrent.FutureTask.run(FutureTask.java:266)
	at java.util.concurrent.ThreadPoolExecutor.runWorker(ThreadPoolExecutor.java:1142)
	at java.util.concurrent.ThreadPoolExecutor$Worker.run(ThreadPoolExecutor.java:617)
	at java.lang.Thread.run(Thread.java:748)
Caused by: org.apache.catalina.LifecycleException: Failed to start component [StandardEngine[Catalina].StandardHost[localhost].StandardContext[/sdcloud]]
	at org.apache.catalina.util.LifecycleBase.start(LifecycleBase.java:162)
	... 6 more
Caused by: org.apache.catalina.LifecycleException: Failed to start component [org.apache.catalina.webresources.StandardRoot@a65a897]
	at org.apache.catalina.util.LifecycleBase.start(LifecycleBase.java:162)
	at org.apache.catalina.core.StandardContext.resourcesStart(StandardContext.java:4968)
	at org.apache.catalina.core.StandardContext.startInternal(StandardContext.java:5101)
	at org.apache.catalina.util.LifecycleBase.start(LifecycleBase.java:145)
	... 6 more
Caused by: java.lang.IllegalArgumentException: The main resource set specified [H:\Program Files\eclipse_mars\apache-tomcat-8.0.49\webapps\sdcloud] is not valid
	at org.apache.catalina.webresources.StandardRoot.createMainResourceSet(StandardRoot.java:746)
	at org.apache.catalina.webresources.StandardRoot.startInternal(StandardRoot.java:704)
	at org.apache.catalina.util.LifecycleBase.start(LifecycleBase.java:145)
	... 9 more

08-Sep-2022 10:09:14.805 —Ō÷ō [main] org.apache.catalina.core.ContainerBase.startInternal A child container failed during start
 java.util.concurrent.ExecutionException: org.apache.catalina.LifecycleException: Failed to start component [StandardEngine[Catalina].StandardHost[localhost]]
	at java.util.concurrent.FutureTask.report(FutureTask.java:122)
	at java.util.concurrent.FutureTask.get(FutureTask.java:192)
	at org.apache.catalina.core.ContainerBase.startInternal(ContainerBase.java:943)
	at org.apache.catalina.core.StandardEngine.startInternal(StandardEngine.java:262)
	at org.apache.catalina.util.LifecycleBase.start(LifecycleBase.java:145)
	at org.apache.catalina.core.StandardService.startInternal(StandardService.java:441)
	at org.apache.catalina.util.LifecycleBase.start(LifecycleBase.java:145)
	at org.apache.catalina.core.StandardServer.startInternal(StandardServer.java:789)
	at org.apache.catalina.util.LifecycleBase.start(LifecycleBase.java:145)
	at org.apache.catalina.startup.Catalina.start(Catalina.java:630)
	at sun.reflect.NativeMethodAccessorImpl.invoke0(Native Method)
	at sun.reflect.NativeMethodAccessorImpl.invoke(NativeMethodAccessorImpl.java:62)
	at sun.reflect.DelegatingMethodAccessorImpl.invoke(DelegatingMethodAccessorImpl.java:43)
	at java.lang.reflect.Method.invoke(Method.java:498)
	at org.apache.catalina.startup.Bootstrap.start(Bootstrap.java:349)
	at org.apache.catalina.startup.Bootstrap.main(Bootstrap.java:483)
Caused by: org.apache.catalina.LifecycleException: Failed to start component [StandardEngine[Catalina].StandardHost[localhost]]
	at org.apache.catalina.util.LifecycleBase.start(LifecycleBase.java:162)
	at org.apache.catalina.core.ContainerBase$StartChild.call(ContainerBase.java:1408)
	at org.apache.catalina.core.ContainerBase$StartChild.call(ContainerBase.java:1398)
	at java.util.concurrent.FutureTask.run(FutureTask.java:266)
	at java.util.concurrent.ThreadPoolExecutor.runWorker(ThreadPoolExecutor.java:1142)
	at java.util.concurrent.ThreadPoolExecutor$Worker.run(ThreadPoolExecutor.java:617)
	at java.lang.Thread.run(Thread.java:748)
Caused by: org.apache.catalina.LifecycleException: A child container failed during start
	at org.apache.catalina.core.ContainerBase.startInternal(ContainerBase.java:951)
	at org.apache.catalina.core.StandardHost.startInternal(StandardHost.java:871)
	at org.apache.catalina.util.LifecycleBase.start(LifecycleBase.java:145)
	... 6 more

08-Sep-2022 10:09:14.806 —Ō÷ō [main] org.apache.catalina.startup.Catalina.start The required Server component failed to start so Tomcat is unable to start.
 org.apache.catalina.LifecycleException: Failed to start component [StandardServer[8005]]
	at org.apache.catalina.util.LifecycleBase.start(LifecycleBase.java:162)
	at org.apache.catalina.startup.Catalina.start(Catalina.java:630)
	at sun.reflect.NativeMethodAccessorImpl.invoke0(Native Method)
	at sun.reflect.NativeMethodAccessorImpl.invoke(NativeMethodAccessorImpl.java:62)
	at sun.reflect.DelegatingMethodAccessorImpl.invoke(DelegatingMethodAccessorImpl.java:43)
	at java.lang.reflect.Method.invoke(Method.java:498)
	at org.apache.catalina.startup.Bootstrap.start(Bootstrap.java:349)
	at org.apache.catalina.startup.Bootstrap.main(Bootstrap.java:483)
Caused by: org.apache.catalina.LifecycleException: Failed to start component [StandardService[Catalina]]
	at org.apache.catalina.util.LifecycleBase.start(LifecycleBase.java:162)
	at org.apache.catalina.core.StandardServer.startInternal(StandardServer.java:789)
	at org.apache.catalina.util.LifecycleBase.start(LifecycleBase.java:145)
	... 7 more
Caused by: org.apache.catalina.LifecycleException: Failed to start component [StandardEngine[Catalina]]
	at org.apache.catalina.util.LifecycleBase.start(LifecycleBase.java:162)
	at org.apache.catalina.core.StandardService.startInternal(StandardService.java:441)
	at org.apache.catalina.util.LifecycleBase.start(LifecycleBase.java:145)
	... 9 more
Caused by: org.apache.catalina.LifecycleException: A child container failed during start
	at org.apache.catalina.core.ContainerBase.startInternal(ContainerBase.java:951)
	at org.apache.catalina.core.StandardEngine.startInternal(StandardEngine.java:262)
	at org.apache.catalina.util.LifecycleBase.start(LifecycleBase.java:145)
	... 11 more

08-Sep-2022 10:09:14.807 –ŇŌĘ [main] org.apache.coyote.AbstractProtocol.pause Pausing ProtocolHandler ["http-nio-8080"]
08-Sep-2022 10:09:14.807 –ŇŌĘ [main] org.apache.coyote.AbstractProtocol.pause Pausing ProtocolHandler ["ajp-nio-8009"]
08-Sep-2022 10:09:14.807 –ŇŌĘ [main] org.apache.catalina.core.StandardService.stopInternal Stopping service Catalina
08-Sep-2022 10:09:14.809 –ŇŌĘ [main] org.apache.coyote.AbstractProtocol.destroy Destroying ProtocolHandler ["http-nio-8080"]
08-Sep-2022 10:09:14.809 —Ō÷ō [main] org.apache.coyote.AbstractProtocol.destroy Failed to destroy end point associated with ProtocolHandler ["http-nio-8080"]
 java.lang.NullPointerException
	at org.apache.tomcat.util.net.NioEndpoint.releaseCaches(NioEndpoint.java:315)
	at org.apache.tomcat.util.net.NioEndpoint.unbind(NioEndpoint.java:491)
	at org.apache.tomcat.util.net.AbstractEndpoint.destroy(AbstractEndpoint.java:896)
	at org.apache.coyote.AbstractProtocol.destroy(AbstractProtocol.java:551)
	at org.apache.catalina.connector.Connector.destroyInternal(Connector.java:1023)
	at org.apache.catalina.util.LifecycleBase.destroy(LifecycleBase.java:292)
	at org.apache.catalina.core.StandardService.destroyInternal(StandardService.java:589)
	at org.apache.catalina.util.LifecycleBase.destroy(LifecycleBase.java:292)
	at org.apache.catalina.core.StandardServer.destroyInternal(StandardServer.java:879)
	at org.apache.catalina.util.LifecycleBase.destroy(LifecycleBase.java:292)
	at org.apache.catalina.startup.Catalina.start(Catalina.java:634)
	at sun.reflect.NativeMethodAccessorImpl.invoke0(Native Method)
	at sun.reflect.NativeMethodAccessorImpl.invoke(NativeMethodAccessorImpl.java:62)
	at sun.reflect.DelegatingMethodAccessorImpl.invoke(DelegatingMethodAccessorImpl.java:43)
	at java.lang.reflect.Method.invoke(Method.java:498)
	at org.apache.catalina.startup.Bootstrap.start(Bootstrap.java:349)
	at org.apache.catalina.startup.Bootstrap.main(Bootstrap.java:483)

08-Sep-2022 10:09:14.810 –ŇŌĘ [main] org.apache.coyote.AbstractProtocol.destroy Destroying ProtocolHandler ["ajp-nio-8009"]
08-Sep-2022 10:09:14.810 —Ō÷ō [main] org.apache.coyote.AbstractProtocol.destroy Failed to destroy end point associated with ProtocolHandler ["ajp-nio-8009"]
 java.lang.NullPointerException
	at org.apache.tomcat.util.net.NioEndpoint.releaseCaches(NioEndpoint.java:315)
	at org.apache.tomcat.util.net.NioEndpoint.unbind(NioEndpoint.java:491)
	at org.apache.tomcat.util.net.AbstractEndpoint.destroy(AbstractEndpoint.java:896)
	at org.apache.coyote.AbstractProtocol.destroy(AbstractProtocol.java:551)
	at org.apache.catalina.connector.Connector.destroyInternal(Connector.java:1023)
	at org.apache.catalina.util.LifecycleBase.destroy(LifecycleBase.java:292)
	at org.apache.catalina.core.StandardService.destroyInternal(StandardService.java:589)
	at org.apache.catalina.util.LifecycleBase.destroy(LifecycleBase.java:292)
	at org.apache.catalina.core.StandardServer.destroyInternal(StandardServer.java:879)
	at org.apache.catalina.util.LifecycleBase.destroy(LifecycleBase.java:292)
	at org.apache.catalina.startup.Catalina.start(Catalina.java:634)
	at sun.reflect.NativeMethodAccessorImpl.invoke0(Native Method)
	at sun.reflect.NativeMethodAccessorImpl.invoke(NativeMethodAccessorImpl.java:62)
	at sun.reflect.DelegatingMethodAccessorImpl.invoke(DelegatingMethodAccessorImpl.java:43)
	at java.lang.reflect.Method.invoke(Method.java:498)
	at org.apache.catalina.startup.Bootstrap.start(Bootstrap.java:349)
	at org.apache.catalina.startup.Bootstrap.main(Bootstrap.java:483)

08-Sep-2022 10:13:56.724 –ŇŌĘ [main] org.apache.catalina.startup.VersionLoggerListener.log Server version:        Apache Tomcat/8.0.49
08-Sep-2022 10:13:56.731 –ŇŌĘ [main] org.apache.catalina.startup.VersionLoggerListener.log Server built:          Jan 19 2018 20:21:23 UTC
08-Sep-2022 10:13:56.732 –ŇŌĘ [main] org.apache.catalina.startup.VersionLoggerListener.log Server number:         8.0.49.0
08-Sep-2022 10:13:56.732 –ŇŌĘ [main] org.apache.catalina.startup.VersionLoggerListener.log OS Name:               Windows 10
08-Sep-2022 10:13:56.732 –ŇŌĘ [main] org.apache.catalina.startup.VersionLoggerListener.log OS Version:            10.0
08-Sep-2022 10:13:56.732 –ŇŌĘ [main] org.apache.catalina.startup.VersionLoggerListener.log Architecture:          amd64
08-Sep-2022 10:13:56.732 –ŇŌĘ [main] org.apache.catalina.startup.VersionLoggerListener.log Java Home:             C:\Program Files\Java\jdk1.8.0_131\jre
08-Sep-2022 10:13:56.732 –ŇŌĘ [main] org.apache.catalina.startup.VersionLoggerListener.log JVM Version:           1.8.0_131-b11
08-Sep-2022 10:13:56.733 –ŇŌĘ [main] org.apache.catalina.startup.VersionLoggerListener.log JVM Vendor:            Oracle Corporation
08-Sep-2022 10:13:56.733 –ŇŌĘ [main] org.apache.catalina.startup.VersionLoggerListener.log CATALINA_BASE:         H:\Program Files\eclipse_mars\apache-tomcat-8.0.49
08-Sep-2022 10:13:56.733 –ŇŌĘ [main] org.apache.catalina.startup.VersionLoggerListener.log CATALINA_HOME:         H:\Program Files\eclipse_mars\apache-tomcat-8.0.49
08-Sep-2022 10:13:56.733 –ŇŌĘ [main] org.apache.catalina.startup.VersionLoggerListener.log Command line argument: -Djava.util.logging.config.file=H:/Program Files/eclipse_mars/apache-tomcat-8.0.49/conf/logging.properties
08-Sep-2022 10:13:56.733 –ŇŌĘ [main] org.apache.catalina.startup.VersionLoggerListener.log Command line argument: -Djava.util.logging.manager=org.apache.juli.ClassLoaderLogManager
08-Sep-2022 10:13:56.734 –ŇŌĘ [main] org.apache.catalina.startup.VersionLoggerListener.log Command line argument: -Djdk.tls.ephemeralDHKeySize=2048
08-Sep-2022 10:13:56.734 –ŇŌĘ [main] org.apache.catalina.startup.VersionLoggerListener.log Command line argument: -Djava.protocol.handler.pkgs=org.apache.catalina.webresources
08-Sep-2022 10:13:56.734 –ŇŌĘ [main] org.apache.catalina.startup.VersionLoggerListener.log Command line argument: -Dignore.endorsed.dirs=
08-Sep-2022 10:13:56.734 –ŇŌĘ [main] org.apache.catalina.startup.VersionLoggerListener.log Command line argument: -Dcatalina.base=H:/Program Files/eclipse_mars/apache-tomcat-8.0.49
08-Sep-2022 10:13:56.734 –ŇŌĘ [main] org.apache.catalina.startup.VersionLoggerListener.log Command line argument: -Dcatalina.home=H:/Program Files/eclipse_mars/apache-tomcat-8.0.49
08-Sep-2022 10:13:56.735 –ŇŌĘ [main] org.apache.catalina.startup.VersionLoggerListener.log Command line argument: -Djava.io.tmpdir=H:/Program Files/eclipse_mars/apache-tomcat-8.0.49/temp
08-Sep-2022 10:13:56.735 –ŇŌĘ [main] org.apache.catalina.core.AprLifecycleListener.lifecycleEvent The APR based Apache Tomcat Native library which allows optimal performance in production environments was not found on the java.library.path: C:\Program Files\Java\jdk1.8.0_131\bin;C:\WINDOWS\Sun\Java\bin;C:\WINDOWS\system32;C:\WINDOWS;C:\Users\yanan\bin;H:\Program Files\Git\mingw64\bin;H:\Program Files\Git\usr\local\bin;H:\Program Files\Git\usr\bin;H:\Program Files\Git\usr\bin;H:\Program Files\Git\mingw64\bin;H:\Program Files\Git\usr\bin;C:\Users\yanan\bin;C:\ProgramData\Oracle\Java\javapath;C:\WINDOWS\system32;C:\WINDOWS;C:\WINDOWS\System32\Wbem;C:\WINDOWS\System32\WindowsPowerShell\v1.0;C:\Program Files\Java\jdk1.8.0_131\bin;C:\Program Files\MySQL\MySQL Server 5.5\bin;H:\Program Files\MySQL\MySQL Server 5.5\bin;H:\Program Files\Git\cmd;H:\Program Files\OpenVPN\bin;H:\Program Files\apache-maven-3.3.9\bin;C:\WINDOWS\System32\OpenSSH;H:\Program Files\Go\bin;C:\Program Files (x86)\NVIDIA Corporation\PhysX\Common;C:\Users\yanan\AppData\Local\Microsoft\WindowsApps;C:\texlive\2016\bin\win32;C:\Users\yanan\go\bin;H:\Program Files\Git\usr\bin\vendor_perl;H:\Program Files\Git\usr\bin\core_perl;.
08-Sep-2022 10:13:56.962 –ŇŌĘ [main] org.apache.coyote.AbstractProtocol.init Initializing ProtocolHandler ["http-nio-8080"]
08-Sep-2022 10:13:57.347 –ŇŌĘ [main] org.apache.tomcat.util.net.NioSelectorPool.getSharedSelector Using a shared selector for servlet write/read
08-Sep-2022 10:13:57.350 –ŇŌĘ [main] org.apache.coyote.AbstractProtocol.init Initializing ProtocolHandler ["ajp-nio-8009"]
08-Sep-2022 10:13:57.354 –ŇŌĘ [main] org.apache.tomcat.util.net.NioSelectorPool.getSharedSelector Using a shared selector for servlet write/read
08-Sep-2022 10:13:57.355 –ŇŌĘ [main] org.apache.catalina.startup.Catalina.load Initialization processed in 1244 ms
08-Sep-2022 10:13:57.401 –ŇŌĘ [main] org.apache.catalina.core.StandardService.startInternal Starting service Catalina
08-Sep-2022 10:13:57.401 –ŇŌĘ [main] org.apache.catalina.core.StandardEngine.startInternal Starting Servlet Engine: Apache Tomcat/8.0.49
08-Sep-2022 10:13:57.425 –ŇŌĘ [localhost-startStop-1] org.apache.catalina.startup.HostConfig.deployDirectory Deploying web application directory H:\Program Files\eclipse_mars\apache-tomcat-8.0.49\webapps\docs
08-Sep-2022 10:13:57.826 –ŇŌĘ [localhost-startStop-1] org.apache.catalina.startup.HostConfig.deployDirectory Deployment of web application directory H:\Program Files\eclipse_mars\apache-tomcat-8.0.49\webapps\docs has finished in 400 ms
08-Sep-2022 10:13:57.826 –ŇŌĘ [localhost-startStop-1] org.apache.catalina.startup.HostConfig.deployDirectory Deploying web application directory H:\Program Files\eclipse_mars\apache-tomcat-8.0.49\webapps\examples
08-Sep-2022 10:13:58.709 –ŇŌĘ [localhost-startStop-1] org.apache.catalina.startup.HostConfig.deployDirectory Deployment of web application directory H:\Program Files\eclipse_mars\apache-tomcat-8.0.49\webapps\examples has finished in 883 ms
08-Sep-2022 10:13:58.709 –ŇŌĘ [localhost-startStop-1] org.apache.catalina.startup.HostConfig.deployDirectory Deploying web application directory H:\Program Files\eclipse_mars\apache-tomcat-8.0.49\webapps\host-manager
08-Sep-2022 10:13:58.769 –ŇŌĘ [localhost-startStop-1] org.apache.catalina.startup.HostConfig.deployDirectory Deployment of web application directory H:\Program Files\eclipse_mars\apache-tomcat-8.0.49\webapps\host-manager has finished in 60 ms
08-Sep-2022 10:13:58.769 –ŇŌĘ [localhost-startStop-1] org.apache.catalina.startup.HostConfig.deployDirectory Deploying web application directory H:\Program Files\eclipse_mars\apache-tomcat-8.0.49\webapps\manager
08-Sep-2022 10:13:58.818 –ŇŌĘ [localhost-startStop-1] org.apache.catalina.startup.HostConfig.deployDirectory Deployment of web application directory H:\Program Files\eclipse_mars\apache-tomcat-8.0.49\webapps\manager has finished in 49 ms
08-Sep-2022 10:13:58.818 –ŇŌĘ [localhost-startStop-1] org.apache.catalina.startup.HostConfig.deployDirectory Deploying web application directory H:\Program Files\eclipse_mars\apache-tomcat-8.0.49\webapps\ROOT
08-Sep-2022 10:13:58.843 –ŇŌĘ [localhost-startStop-1] org.apache.catalina.startup.HostConfig.deployDirectory Deployment of web application directory H:\Program Files\eclipse_mars\apache-tomcat-8.0.49\webapps\ROOT has finished in 25 ms
08-Sep-2022 10:13:58.847 –ŇŌĘ [main] org.apache.coyote.AbstractProtocol.start Starting ProtocolHandler ["http-nio-8080"]
08-Sep-2022 10:13:58.868 –ŇŌĘ [main] org.apache.coyote.AbstractProtocol.start Starting ProtocolHandler ["ajp-nio-8009"]
08-Sep-2022 10:13:58.872 –ŇŌĘ [main] org.apache.catalina.startup.Catalina.start Server startup in 1517 ms
08-Sep-2022 10:17:43.073 –ŇŌĘ [main] org.apache.catalina.startup.VersionLoggerListener.log Server version:        Apache Tomcat/8.0.49
08-Sep-2022 10:17:43.079 –ŇŌĘ [main] org.apache.catalina.startup.VersionLoggerListener.log Server built:          Jan 19 2018 20:21:23 UTC
08-Sep-2022 10:17:43.079 –ŇŌĘ [main] org.apache.catalina.startup.VersionLoggerListener.log Server number:         8.0.49.0
08-Sep-2022 10:17:43.080 –ŇŌĘ [main] org.apache.catalina.startup.VersionLoggerListener.log OS Name:               Windows 10
08-Sep-2022 10:17:43.080 –ŇŌĘ [main] org.apache.catalina.startup.VersionLoggerListener.log OS Version:            10.0
08-Sep-2022 10:17:43.080 –ŇŌĘ [main] org.apache.catalina.startup.VersionLoggerListener.log Architecture:          amd64
08-Sep-2022 10:17:43.080 –ŇŌĘ [main] org.apache.catalina.startup.VersionLoggerListener.log Java Home:             C:\Program Files\Java\jdk1.8.0_131\jre
08-Sep-2022 10:17:43.080 –ŇŌĘ [main] org.apache.catalina.startup.VersionLoggerListener.log JVM Version:           1.8.0_131-b11
08-Sep-2022 10:17:43.081 –ŇŌĘ [main] org.apache.catalina.startup.VersionLoggerListener.log JVM Vendor:            Oracle Corporation
08-Sep-2022 10:17:43.081 –ŇŌĘ [main] org.apache.catalina.startup.VersionLoggerListener.log CATALINA_BASE:         H:\Program Files\eclipse_mars\apache-tomcat-8.0.49
08-Sep-2022 10:17:43.081 –ŇŌĘ [main] org.apache.catalina.startup.VersionLoggerListener.log CATALINA_HOME:         H:\Program Files\eclipse_mars\apache-tomcat-8.0.49
08-Sep-2022 10:17:43.081 –ŇŌĘ [main] org.apache.catalina.startup.VersionLoggerListener.log Command line argument: -Djava.util.logging.config.file=H:/Program Files/eclipse_mars/apache-tomcat-8.0.49/conf/logging.properties
08-Sep-2022 10:17:43.082 –ŇŌĘ [main] org.apache.catalina.startup.VersionLoggerListener.log Command line argument: -Djava.util.logging.manager=org.apache.juli.ClassLoaderLogManager
08-Sep-2022 10:17:43.082 –ŇŌĘ [main] org.apache.catalina.startup.VersionLoggerListener.log Command line argument: -Djdk.tls.ephemeralDHKeySize=2048
08-Sep-2022 10:17:43.082 –ŇŌĘ [main] org.apache.catalina.startup.VersionLoggerListener.log Command line argument: -Djava.protocol.handler.pkgs=org.apache.catalina.webresources
08-Sep-2022 10:17:43.083 –ŇŌĘ [main] org.apache.catalina.startup.VersionLoggerListener.log Command line argument: -Dignore.endorsed.dirs=
08-Sep-2022 10:17:43.083 –ŇŌĘ [main] org.apache.catalina.startup.VersionLoggerListener.log Command line argument: -Dcatalina.base=H:/Program Files/eclipse_mars/apache-tomcat-8.0.49
08-Sep-2022 10:17:43.083 –ŇŌĘ [main] org.apache.catalina.startup.VersionLoggerListener.log Command line argument: -Dcatalina.home=H:/Program Files/eclipse_mars/apache-tomcat-8.0.49
08-Sep-2022 10:17:43.084 –ŇŌĘ [main] org.apache.catalina.startup.VersionLoggerListener.log Command line argument: -Djava.io.tmpdir=H:/Program Files/eclipse_mars/apache-tomcat-8.0.49/temp
08-Sep-2022 10:17:43.084 –ŇŌĘ [main] org.apache.catalina.core.AprLifecycleListener.lifecycleEvent The APR based Apache Tomcat Native library which allows optimal performance in production environments was not found on the java.library.path: C:\Program Files\Java\jdk1.8.0_131\bin;C:\WINDOWS\Sun\Java\bin;C:\WINDOWS\system32;C:\WINDOWS;C:\Users\yanan\bin;H:\Program Files\Git\mingw64\bin;H:\Program Files\Git\usr\local\bin;H:\Program Files\Git\usr\bin;H:\Program Files\Git\usr\bin;H:\Program Files\Git\mingw64\bin;H:\Program Files\Git\usr\bin;C:\Users\yanan\bin;C:\ProgramData\Oracle\Java\javapath;C:\WINDOWS\system32;C:\WINDOWS;C:\WINDOWS\System32\Wbem;C:\WINDOWS\System32\WindowsPowerShell\v1.0;C:\Program Files\Java\jdk1.8.0_131\bin;C:\Program Files\MySQL\MySQL Server 5.5\bin;H:\Program Files\MySQL\MySQL Server 5.5\bin;H:\Program Files\Git\cmd;H:\Program Files\OpenVPN\bin;H:\Program Files\apache-maven-3.3.9\bin;C:\WINDOWS\System32\OpenSSH;H:\Program Files\Go\bin;C:\Program Files (x86)\NVIDIA Corporation\PhysX\Common;C:\Users\yanan\AppData\Local\Microsoft\WindowsApps;C:\texlive\2016\bin\win32;C:\Users\yanan\go\bin;H:\Program Files\Git\usr\bin\vendor_perl;H:\Program Files\Git\usr\bin\core_perl;.
08-Sep-2022 10:17:43.287 –ŇŌĘ [main] org.apache.coyote.AbstractProtocol.init Initializing ProtocolHandler ["http-nio-8080"]
08-Sep-2022 10:17:43.621 –ŇŌĘ [main] org.apache.tomcat.util.net.NioSelectorPool.getSharedSelector Using a shared selector for servlet write/read
08-Sep-2022 10:17:43.624 –ŇŌĘ [main] org.apache.coyote.AbstractProtocol.init Initializing ProtocolHandler ["ajp-nio-8009"]
08-Sep-2022 10:17:43.627 –ŇŌĘ [main] org.apache.tomcat.util.net.NioSelectorPool.getSharedSelector Using a shared selector for servlet write/read
08-Sep-2022 10:17:43.627 –ŇŌĘ [main] org.apache.catalina.startup.Catalina.load Initialization processed in 1085 ms
08-Sep-2022 10:17:43.659 –ŇŌĘ [main] org.apache.catalina.core.StandardService.startInternal Starting service Catalina
08-Sep-2022 10:17:43.659 –ŇŌĘ [main] org.apache.catalina.core.StandardEngine.startInternal Starting Servlet Engine: Apache Tomcat/8.0.49
08-Sep-2022 10:17:43.683 –ŇŌĘ [localhost-startStop-1] org.apache.catalina.startup.HostConfig.deployDirectory Deploying web application directory H:\Program Files\eclipse_mars\apache-tomcat-8.0.49\webapps\docs
08-Sep-2022 10:17:44.054 –ŇŌĘ [localhost-startStop-1] org.apache.catalina.startup.HostConfig.deployDirectory Deployment of web application directory H:\Program Files\eclipse_mars\apache-tomcat-8.0.49\webapps\docs has finished in 384 ms
08-Sep-2022 10:17:44.055 –ŇŌĘ [localhost-startStop-1] org.apache.catalina.startup.HostConfig.deployDirectory Deploying web application directory H:\Program Files\eclipse_mars\apache-tomcat-8.0.49\webapps\examples
08-Sep-2022 10:17:44.619 –ŇŌĘ [localhost-startStop-1] org.apache.catalina.startup.HostConfig.deployDirectory Deployment of web application directory H:\Program Files\eclipse_mars\apache-tomcat-8.0.49\webapps\examples has finished in 564 ms
08-Sep-2022 10:17:44.620 –ŇŌĘ [localhost-startStop-1] org.apache.catalina.startup.HostConfig.deployDirectory Deploying web application directory H:\Program Files\eclipse_mars\apache-tomcat-8.0.49\webapps\host-manager
08-Sep-2022 10:17:44.655 –ŇŌĘ [localhost-startStop-1] org.apache.catalina.startup.HostConfig.deployDirectory Deployment of web application directory H:\Program Files\eclipse_mars\apache-tomcat-8.0.49\webapps\host-manager has finished in 35 ms
08-Sep-2022 10:17:44.655 –ŇŌĘ [localhost-startStop-1] org.apache.catalina.startup.HostConfig.deployDirectory Deploying web application directory H:\Program Files\eclipse_mars\apache-tomcat-8.0.49\webapps\manager
08-Sep-2022 10:17:44.704 –ŇŌĘ [localhost-startStop-1] org.apache.catalina.startup.HostConfig.deployDirectory Deployment of web application directory H:\Program Files\eclipse_mars\apache-tomcat-8.0.49\webapps\manager has finished in 49 ms
08-Sep-2022 10:17:44.704 –ŇŌĘ [localhost-startStop-1] org.apache.catalina.startup.HostConfig.deployDirectory Deploying web application directory H:\Program Files\eclipse_mars\apache-tomcat-8.0.49\webapps\ROOT
08-Sep-2022 10:17:44.727 –ŇŌĘ [localhost-startStop-1] org.apache.catalina.startup.HostConfig.deployDirectory Deployment of web application directory H:\Program Files\eclipse_mars\apache-tomcat-8.0.49\webapps\ROOT has finished in 23 ms
08-Sep-2022 10:17:44.732 –ŇŌĘ [main] org.apache.coyote.AbstractProtocol.start Starting ProtocolHandler ["http-nio-8080"]
08-Sep-2022 10:17:44.741 –ŇŌĘ [main] org.apache.coyote.AbstractProtocol.start Starting ProtocolHandler ["ajp-nio-8009"]
08-Sep-2022 10:17:44.745 –ŇŌĘ [main] org.apache.catalina.startup.Catalina.start Server startup in 1118 ms
08-Sep-2022 10:18:10.413 –ŇŌĘ [main] org.apache.catalina.startup.VersionLoggerListener.log Server version:        Apache Tomcat/8.0.49
08-Sep-2022 10:18:10.419 –ŇŌĘ [main] org.apache.catalina.startup.VersionLoggerListener.log Server built:          Jan 19 2018 20:21:23 UTC
08-Sep-2022 10:18:10.419 –ŇŌĘ [main] org.apache.catalina.startup.VersionLoggerListener.log Server number:         8.0.49.0
08-Sep-2022 10:18:10.419 –ŇŌĘ [main] org.apache.catalina.startup.VersionLoggerListener.log OS Name:               Windows 10
08-Sep-2022 10:18:10.420 –ŇŌĘ [main] org.apache.catalina.startup.VersionLoggerListener.log OS Version:            10.0
08-Sep-2022 10:18:10.420 –ŇŌĘ [main] org.apache.catalina.startup.VersionLoggerListener.log Architecture:          amd64
08-Sep-2022 10:18:10.420 –ŇŌĘ [main] org.apache.catalina.startup.VersionLoggerListener.log Java Home:             C:\Program Files\Java\jdk1.8.0_131\jre
08-Sep-2022 10:18:10.420 –ŇŌĘ [main] org.apache.catalina.startup.VersionLoggerListener.log JVM Version:           1.8.0_131-b11
08-Sep-2022 10:18:10.420 –ŇŌĘ [main] org.apache.catalina.startup.VersionLoggerListener.log JVM Vendor:            Oracle Corporation
08-Sep-2022 10:18:10.420 –ŇŌĘ [main] org.apache.catalina.startup.VersionLoggerListener.log CATALINA_BASE:         H:\Program Files\eclipse_mars\apache-tomcat-8.0.49
08-Sep-2022 10:18:10.420 –ŇŌĘ [main] org.apache.catalina.startup.VersionLoggerListener.log CATALINA_HOME:         H:\Program Files\eclipse_mars\apache-tomcat-8.0.49
08-Sep-2022 10:18:10.421 –ŇŌĘ [main] org.apache.catalina.startup.VersionLoggerListener.log Command line argument: -Djava.util.logging.config.file=H:/Program Files/eclipse_mars/apache-tomcat-8.0.49/conf/logging.properties
08-Sep-2022 10:18:10.421 –ŇŌĘ [main] org.apache.catalina.startup.VersionLoggerListener.log Command line argument: -Djava.util.logging.manager=org.apache.juli.ClassLoaderLogManager
08-Sep-2022 10:18:10.421 –ŇŌĘ [main] org.apache.catalina.startup.VersionLoggerListener.log Command line argument: -Djdk.tls.ephemeralDHKeySize=2048
08-Sep-2022 10:18:10.422 –ŇŌĘ [main] org.apache.catalina.startup.VersionLoggerListener.log Command line argument: -Djava.protocol.handler.pkgs=org.apache.catalina.webresources
08-Sep-2022 10:18:10.422 –ŇŌĘ [main] org.apache.catalina.startup.VersionLoggerListener.log Command line argument: -Dignore.endorsed.dirs=
08-Sep-2022 10:18:10.422 –ŇŌĘ [main] org.apache.catalina.startup.VersionLoggerListener.log Command line argument: -Dcatalina.base=H:/Program Files/eclipse_mars/apache-tomcat-8.0.49
08-Sep-2022 10:18:10.422 –ŇŌĘ [main] org.apache.catalina.startup.VersionLoggerListener.log Command line argument: -Dcatalina.home=H:/Program Files/eclipse_mars/apache-tomcat-8.0.49
08-Sep-2022 10:18:10.422 –ŇŌĘ [main] org.apache.catalina.startup.VersionLoggerListener.log Command line argument: -Djava.io.tmpdir=H:/Program Files/eclipse_mars/apache-tomcat-8.0.49/temp
08-Sep-2022 10:18:10.422 –ŇŌĘ [main] org.apache.catalina.core.AprLifecycleListener.lifecycleEvent The APR based Apache Tomcat Native library which allows optimal performance in production environments was not found on the java.library.path: C:\Program Files\Java\jdk1.8.0_131\bin;C:\WINDOWS\Sun\Java\bin;C:\WINDOWS\system32;C:\WINDOWS;C:\Users\yanan\bin;H:\Program Files\Git\mingw64\bin;H:\Program Files\Git\usr\local\bin;H:\Program Files\Git\usr\bin;H:\Program Files\Git\usr\bin;H:\Program Files\Git\mingw64\bin;H:\Program Files\Git\usr\bin;C:\Users\yanan\bin;C:\ProgramData\Oracle\Java\javapath;C:\WINDOWS\system32;C:\WINDOWS;C:\WINDOWS\System32\Wbem;C:\WINDOWS\System32\WindowsPowerShell\v1.0;C:\Program Files\Java\jdk1.8.0_131\bin;C:\Program Files\MySQL\MySQL Server 5.5\bin;H:\Program Files\MySQL\MySQL Server 5.5\bin;H:\Program Files\Git\cmd;H:\Program Files\OpenVPN\bin;H:\Program Files\apache-maven-3.3.9\bin;C:\WINDOWS\System32\OpenSSH;H:\Program Files\Go\bin;C:\Program Files (x86)\NVIDIA Corporation\PhysX\Common;C:\Users\yanan\AppData\Local\Microsoft\WindowsApps;C:\texlive\2016\bin\win32;C:\Users\yanan\go\bin;H:\Program Files\Git\usr\bin\vendor_perl;H:\Program Files\Git\usr\bin\core_perl;.
08-Sep-2022 10:18:10.660 –ŇŌĘ [main] org.apache.coyote.AbstractProtocol.init Initializing ProtocolHandler ["http-nio-8080"]
08-Sep-2022 10:18:11.050 –ŇŌĘ [main] org.apache.tomcat.util.net.NioSelectorPool.getSharedSelector Using a shared selector for servlet write/read
08-Sep-2022 10:18:11.056 –ŇŌĘ [main] org.apache.coyote.AbstractProtocol.init Initializing ProtocolHandler ["ajp-nio-8009"]
08-Sep-2022 10:18:11.062 –ŇŌĘ [main] org.apache.tomcat.util.net.NioSelectorPool.getSharedSelector Using a shared selector for servlet write/read
08-Sep-2022 10:18:11.062 –ŇŌĘ [main] org.apache.catalina.startup.Catalina.load Initialization processed in 1147 ms
08-Sep-2022 10:18:11.122 –ŇŌĘ [main] org.apache.catalina.core.StandardService.startInternal Starting service Catalina
08-Sep-2022 10:18:11.122 –ŇŌĘ [main] org.apache.catalina.core.StandardEngine.startInternal Starting Servlet Engine: Apache Tomcat/8.0.49
08-Sep-2022 10:18:11.175 –ŇŌĘ [localhost-startStop-1] org.apache.catalina.startup.HostConfig.deployWAR Deploying web application archive H:\Program Files\eclipse_mars\apache-tomcat-8.0.49\webapps\sdcloud.war
08-Sep-2022 10:18:17.037 –ŇŌĘ [localhost-startStop-1] org.apache.jasper.servlet.TldScanner.scanJars At least one JAR was scanned for TLDs yet contained no TLDs. Enable debug logging for this logger for a complete list of JARs that were scanned but no TLDs were found in them. Skipping unneeded JARs during scanning can improve startup time and JSP compilation time.
08-Sep-2022 10:18:20.044 –ŇŌĘ [localhost-startStop-1] org.apache.catalina.startup.HostConfig.deployWAR Deployment of web application archive H:\Program Files\eclipse_mars\apache-tomcat-8.0.49\webapps\sdcloud.war has finished in 8,868 ms
08-Sep-2022 10:18:20.046 –ŇŌĘ [localhost-startStop-1] org.apache.catalina.startup.HostConfig.deployDirectory Deploying web application directory H:\Program Files\eclipse_mars\apache-tomcat-8.0.49\webapps\docs
08-Sep-2022 10:18:20.084 –ŇŌĘ [localhost-startStop-1] org.apache.catalina.startup.HostConfig.deployDirectory Deployment of web application directory H:\Program Files\eclipse_mars\apache-tomcat-8.0.49\webapps\docs has finished in 38 ms
08-Sep-2022 10:18:20.084 –ŇŌĘ [localhost-startStop-1] org.apache.catalina.startup.HostConfig.deployDirectory Deploying web application directory H:\Program Files\eclipse_mars\apache-tomcat-8.0.49\webapps\examples
08-Sep-2022 10:18:20.500 –ŇŌĘ [localhost-startStop-1] org.apache.catalina.startup.HostConfig.deployDirectory Deployment of web application directory H:\Program Files\eclipse_mars\apache-tomcat-8.0.49\webapps\examples has finished in 416 ms
08-Sep-2022 10:18:20.500 –ŇŌĘ [localhost-startStop-1] org.apache.catalina.startup.HostConfig.deployDirectory Deploying web application directory H:\Program Files\eclipse_mars\apache-tomcat-8.0.49\webapps\host-manager
08-Sep-2022 10:18:20.540 –ŇŌĘ [localhost-startStop-1] org.apache.catalina.startup.HostConfig.deployDirectory Deployment of web application directory H:\Program Files\eclipse_mars\apache-tomcat-8.0.49\webapps\host-manager has finished in 40 ms
08-Sep-2022 10:18:20.540 –ŇŌĘ [localhost-startStop-1] org.apache.catalina.startup.HostConfig.deployDirectory Deploying web application directory H:\Program Files\eclipse_mars\apache-tomcat-8.0.49\webapps\manager
08-Sep-2022 10:18:20.577 –ŇŌĘ [localhost-startStop-1] org.apache.catalina.startup.HostConfig.deployDirectory Deployment of web application directory H:\Program Files\eclipse_mars\apache-tomcat-8.0.49\webapps\manager has finished in 37 ms
08-Sep-2022 10:18:20.577 –ŇŌĘ [localhost-startStop-1] org.apache.catalina.startup.HostConfig.deployDirectory Deploying web application directory H:\Program Files\eclipse_mars\apache-tomcat-8.0.49\webapps\ROOT
08-Sep-2022 10:18:20.598 –ŇŌĘ [localhost-startStop-1] org.apache.catalina.startup.HostConfig.deployDirectory Deployment of web application directory H:\Program Files\eclipse_mars\apache-tomcat-8.0.49\webapps\ROOT has finished in 21 ms
08-Sep-2022 10:18:20.606 –ŇŌĘ [main] org.apache.coyote.AbstractProtocol.start Starting ProtocolHandler ["http-nio-8080"]
08-Sep-2022 10:18:20.620 –ŇŌĘ [main] org.apache.coyote.AbstractProtocol.start Starting ProtocolHandler ["ajp-nio-8009"]
08-Sep-2022 10:18:20.624 –ŇŌĘ [main] org.apache.catalina.startup.Catalina.start Server startup in 9561 ms
08-Sep-2022 11:14:46.308 –ŇŌĘ [main] org.apache.catalina.startup.VersionLoggerListener.log Server version:        Apache Tomcat/8.0.49
08-Sep-2022 11:14:46.314 –ŇŌĘ [main] org.apache.catalina.startup.VersionLoggerListener.log Server built:          Jan 19 2018 20:21:23 UTC
08-Sep-2022 11:14:46.314 –ŇŌĘ [main] org.apache.catalina.startup.VersionLoggerListener.log Server number:         8.0.49.0
08-Sep-2022 11:14:46.315 –ŇŌĘ [main] org.apache.catalina.startup.VersionLoggerListener.log OS Name:               Windows 10
08-Sep-2022 11:14:46.315 –ŇŌĘ [main] org.apache.catalina.startup.VersionLoggerListener.log OS Version:            10.0
08-Sep-2022 11:14:46.315 –ŇŌĘ [main] org.apache.catalina.startup.VersionLoggerListener.log Architecture:          amd64
08-Sep-2022 11:14:46.315 –ŇŌĘ [main] org.apache.catalina.startup.VersionLoggerListener.log Java Home:             C:\Program Files\Java\jdk1.8.0_131\jre
08-Sep-2022 11:14:46.315 –ŇŌĘ [main] org.apache.catalina.startup.VersionLoggerListener.log JVM Version:           1.8.0_131-b11
08-Sep-2022 11:14:46.315 –ŇŌĘ [main] org.apache.catalina.startup.VersionLoggerListener.log JVM Vendor:            Oracle Corporation
08-Sep-2022 11:14:46.315 –ŇŌĘ [main] org.apache.catalina.startup.VersionLoggerListener.log CATALINA_BASE:         H:\Program Files\eclipse_mars\apache-tomcat-8.0.49
08-Sep-2022 11:14:46.316 –ŇŌĘ [main] org.apache.catalina.startup.VersionLoggerListener.log CATALINA_HOME:         H:\Program Files\eclipse_mars\apache-tomcat-8.0.49
08-Sep-2022 11:14:46.316 –ŇŌĘ [main] org.apache.catalina.startup.VersionLoggerListener.log Command line argument: -Djava.util.logging.config.file=H:/Program Files/eclipse_mars/apache-tomcat-8.0.49/conf/logging.properties
08-Sep-2022 11:14:46.316 –ŇŌĘ [main] org.apache.catalina.startup.VersionLoggerListener.log Command line argument: -Djava.util.logging.manager=org.apache.juli.ClassLoaderLogManager
08-Sep-2022 11:14:46.317 –ŇŌĘ [main] org.apache.catalina.startup.VersionLoggerListener.log Command line argument: -Djdk.tls.ephemeralDHKeySize=2048
08-Sep-2022 11:14:46.317 –ŇŌĘ [main] org.apache.catalina.startup.VersionLoggerListener.log Command line argument: -Djava.protocol.handler.pkgs=org.apache.catalina.webresources
08-Sep-2022 11:14:46.317 –ŇŌĘ [main] org.apache.catalina.startup.VersionLoggerListener.log Command line argument: -Dignore.endorsed.dirs=
08-Sep-2022 11:14:46.317 –ŇŌĘ [main] org.apache.catalina.startup.VersionLoggerListener.log Command line argument: -Dcatalina.base=H:/Program Files/eclipse_mars/apache-tomcat-8.0.49
08-Sep-2022 11:14:46.317 –ŇŌĘ [main] org.apache.catalina.startup.VersionLoggerListener.log Command line argument: -Dcatalina.home=H:/Program Files/eclipse_mars/apache-tomcat-8.0.49
08-Sep-2022 11:14:46.317 –ŇŌĘ [main] org.apache.catalina.startup.VersionLoggerListener.log Command line argument: -Djava.io.tmpdir=H:/Program Files/eclipse_mars/apache-tomcat-8.0.49/temp
08-Sep-2022 11:14:46.318 –ŇŌĘ [main] org.apache.catalina.core.AprLifecycleListener.lifecycleEvent The APR based Apache Tomcat Native library which allows optimal performance in production environments was not found on the java.library.path: C:\Program Files\Java\jdk1.8.0_131\bin;C:\WINDOWS\Sun\Java\bin;C:\WINDOWS\system32;C:\WINDOWS;C:\Users\yanan\bin;H:\Program Files\Git\mingw64\bin;H:\Program Files\Git\usr\local\bin;H:\Program Files\Git\usr\bin;H:\Program Files\Git\usr\bin;H:\Program Files\Git\mingw64\bin;H:\Program Files\Git\usr\bin;C:\Users\yanan\bin;C:\ProgramData\Oracle\Java\javapath;C:\WINDOWS\system32;C:\WINDOWS;C:\WINDOWS\System32\Wbem;C:\WINDOWS\System32\WindowsPowerShell\v1.0;C:\Program Files\Java\jdk1.8.0_131\bin;C:\Program Files\MySQL\MySQL Server 5.5\bin;H:\Program Files\MySQL\MySQL Server 5.5\bin;H:\Program Files\Git\cmd;H:\Program Files\OpenVPN\bin;H:\Program Files\apache-maven-3.3.9\bin;C:\WINDOWS\System32\OpenSSH;H:\Program Files\Go\bin;C:\Program Files (x86)\NVIDIA Corporation\PhysX\Common;C:\Users\yanan\AppData\Local\Microsoft\WindowsApps;C:\texlive\2016\bin\win32;C:\Users\yanan\go\bin;H:\Program Files\Git\usr\bin\vendor_perl;H:\Program Files\Git\usr\bin\core_perl;.
08-Sep-2022 11:14:46.548 –ŇŌĘ [main] org.apache.coyote.AbstractProtocol.init Initializing ProtocolHandler ["http-nio-8080"]
08-Sep-2022 11:14:46.884 –ŇŌĘ [main] org.apache.tomcat.util.net.NioSelectorPool.getSharedSelector Using a shared selector for servlet write/read
08-Sep-2022 11:14:46.887 –ŇŌĘ [main] org.apache.coyote.AbstractProtocol.init Initializing ProtocolHandler ["ajp-nio-8009"]
08-Sep-2022 11:14:46.890 –ŇŌĘ [main] org.apache.tomcat.util.net.NioSelectorPool.getSharedSelector Using a shared selector for servlet write/read
08-Sep-2022 11:14:46.890 –ŇŌĘ [main] org.apache.catalina.startup.Catalina.load Initialization processed in 1156 ms
08-Sep-2022 11:14:46.927 –ŇŌĘ [main] org.apache.catalina.core.StandardService.startInternal Starting service Catalina
08-Sep-2022 11:14:46.928 –ŇŌĘ [main] org.apache.catalina.core.StandardEngine.startInternal Starting Servlet Engine: Apache Tomcat/8.0.49
08-Sep-2022 11:14:46.973 –ŇŌĘ [localhost-startStop-1] org.apache.catalina.startup.HostConfig.deployWAR Deploying web application archive H:\Program Files\eclipse_mars\apache-tomcat-8.0.49\webapps\sdcloud.war
08-Sep-2022 11:14:53.680 –ŇŌĘ [localhost-startStop-1] org.apache.jasper.servlet.TldScanner.scanJars At least one JAR was scanned for TLDs yet contained no TLDs. Enable debug logging for this logger for a complete list of JARs that were scanned but no TLDs were found in them. Skipping unneeded JARs during scanning can improve startup time and JSP compilation time.
08-Sep-2022 11:14:56.731 –ŇŌĘ [localhost-startStop-1] org.apache.catalina.startup.HostConfig.deployWAR Deployment of web application archive H:\Program Files\eclipse_mars\apache-tomcat-8.0.49\webapps\sdcloud.war has finished in 9,757 ms
08-Sep-2022 11:14:56.732 –ŇŌĘ [localhost-startStop-1] org.apache.catalina.startup.HostConfig.deployDirectory Deploying web application directory H:\Program Files\eclipse_mars\apache-tomcat-8.0.49\webapps\docs
08-Sep-2022 11:14:56.759 –ŇŌĘ [localhost-startStop-1] org.apache.catalina.startup.HostConfig.deployDirectory Deployment of web application directory H:\Program Files\eclipse_mars\apache-tomcat-8.0.49\webapps\docs has finished in 27 ms
08-Sep-2022 11:14:56.760 –ŇŌĘ [localhost-startStop-1] org.apache.catalina.startup.HostConfig.deployDirectory Deploying web application directory H:\Program Files\eclipse_mars\apache-tomcat-8.0.49\webapps\examples
08-Sep-2022 11:14:57.166 –ŇŌĘ [localhost-startStop-1] org.apache.catalina.startup.HostConfig.deployDirectory Deployment of web application directory H:\Program Files\eclipse_mars\apache-tomcat-8.0.49\webapps\examples has finished in 407 ms
08-Sep-2022 11:14:57.167 –ŇŌĘ [localhost-startStop-1] org.apache.catalina.startup.HostConfig.deployDirectory Deploying web application directory H:\Program Files\eclipse_mars\apache-tomcat-8.0.49\webapps\host-manager
08-Sep-2022 11:14:57.221 –ŇŌĘ [localhost-startStop-1] org.apache.catalina.startup.HostConfig.deployDirectory Deployment of web application directory H:\Program Files\eclipse_mars\apache-tomcat-8.0.49\webapps\host-manager has finished in 55 ms
08-Sep-2022 11:14:57.221 –ŇŌĘ [localhost-startStop-1] org.apache.catalina.startup.HostConfig.deployDirectory Deploying web application directory H:\Program Files\eclipse_mars\apache-tomcat-8.0.49\webapps\manager
08-Sep-2022 11:14:57.270 –ŇŌĘ [localhost-startStop-1] org.apache.catalina.startup.HostConfig.deployDirectory Deployment of web application directory H:\Program Files\eclipse_mars\apache-tomcat-8.0.49\webapps\manager has finished in 49 ms
08-Sep-2022 11:14:57.271 –ŇŌĘ [localhost-startStop-1] org.apache.catalina.startup.HostConfig.deployDirectory Deploying web application directory H:\Program Files\eclipse_mars\apache-tomcat-8.0.49\webapps\ROOT
08-Sep-2022 11:14:57.307 –ŇŌĘ [localhost-startStop-1] org.apache.catalina.startup.HostConfig.deployDirectory Deployment of web application directory H:\Program Files\eclipse_mars\apache-tomcat-8.0.49\webapps\ROOT has finished in 36 ms
08-Sep-2022 11:14:57.319 –ŇŌĘ [main] org.apache.coyote.AbstractProtocol.start Starting ProtocolHandler ["http-nio-8080"]
08-Sep-2022 11:14:57.345 –ŇŌĘ [main] org.apache.coyote.AbstractProtocol.start Starting ProtocolHandler ["ajp-nio-8009"]
08-Sep-2022 11:14:57.351 –ŇŌĘ [main] org.apache.catalina.startup.Catalina.start Server startup in 10460 ms
08-Sep-2022 11:16:20.109 –ŇŌĘ [main] org.apache.catalina.startup.VersionLoggerListener.log Server version:        Apache Tomcat/8.0.49
08-Sep-2022 11:16:20.116 –ŇŌĘ [main] org.apache.catalina.startup.VersionLoggerListener.log Server built:          Jan 19 2018 20:21:23 UTC
08-Sep-2022 11:16:20.116 –ŇŌĘ [main] org.apache.catalina.startup.VersionLoggerListener.log Server number:         8.0.49.0
08-Sep-2022 11:16:20.116 –ŇŌĘ [main] org.apache.catalina.startup.VersionLoggerListener.log OS Name:               Windows 10
08-Sep-2022 11:16:20.116 –ŇŌĘ [main] org.apache.catalina.startup.VersionLoggerListener.log OS Version:            10.0
08-Sep-2022 11:16:20.116 –ŇŌĘ [main] org.apache.catalina.startup.VersionLoggerListener.log Architecture:          amd64
08-Sep-2022 11:16:20.116 –ŇŌĘ [main] org.apache.catalina.startup.VersionLoggerListener.log Java Home:             C:\Program Files\Java\jdk1.8.0_131\jre
08-Sep-2022 11:16:20.116 –ŇŌĘ [main] org.apache.catalina.startup.VersionLoggerListener.log JVM Version:           1.8.0_131-b11
08-Sep-2022 11:16:20.117 –ŇŌĘ [main] org.apache.catalina.startup.VersionLoggerListener.log JVM Vendor:            Oracle Corporation
08-Sep-2022 11:16:20.117 –ŇŌĘ [main] org.apache.catalina.startup.VersionLoggerListener.log CATALINA_BASE:         H:\Program Files\eclipse_mars\apache-tomcat-8.0.49
08-Sep-2022 11:16:20.117 –ŇŌĘ [main] org.apache.catalina.startup.VersionLoggerListener.log CATALINA_HOME:         H:\Program Files\eclipse_mars\apache-tomcat-8.0.49
08-Sep-2022 11:16:20.117 –ŇŌĘ [main] org.apache.catalina.startup.VersionLoggerListener.log Command line argument: -Djava.util.logging.config.file=H:/Program Files/eclipse_mars/apache-tomcat-8.0.49/conf/logging.properties
08-Sep-2022 11:16:20.118 –ŇŌĘ [main] org.apache.catalina.startup.VersionLoggerListener.log Command line argument: -Djava.util.logging.manager=org.apache.juli.ClassLoaderLogManager
08-Sep-2022 11:16:20.119 –ŇŌĘ [main] org.apache.catalina.startup.VersionLoggerListener.log Command line argument: -Djdk.tls.ephemeralDHKeySize=2048
08-Sep-2022 11:16:20.119 –ŇŌĘ [main] org.apache.catalina.startup.VersionLoggerListener.log Command line argument: -Djava.protocol.handler.pkgs=org.apache.catalina.webresources
08-Sep-2022 11:16:20.119 –ŇŌĘ [main] org.apache.catalina.startup.VersionLoggerListener.log Command line argument: -Dignore.endorsed.dirs=
08-Sep-2022 11:16:20.119 –ŇŌĘ [main] org.apache.catalina.startup.VersionLoggerListener.log Command line argument: -Dcatalina.base=H:/Program Files/eclipse_mars/apache-tomcat-8.0.49
08-Sep-2022 11:16:20.119 –ŇŌĘ [main] org.apache.catalina.startup.VersionLoggerListener.log Command line argument: -Dcatalina.home=H:/Program Files/eclipse_mars/apache-tomcat-8.0.49
08-Sep-2022 11:16:20.120 –ŇŌĘ [main] org.apache.catalina.startup.VersionLoggerListener.log Command line argument: -Djava.io.tmpdir=H:/Program Files/eclipse_mars/apache-tomcat-8.0.49/temp
08-Sep-2022 11:16:20.120 –ŇŌĘ [main] org.apache.catalina.core.AprLifecycleListener.lifecycleEvent The APR based Apache Tomcat Native library which allows optimal performance in production environments was not found on the java.library.path: C:\Program Files\Java\jdk1.8.0_131\bin;C:\WINDOWS\Sun\Java\bin;C:\WINDOWS\system32;C:\WINDOWS;C:\Users\yanan\bin;H:\Program Files\Git\mingw64\bin;H:\Program Files\Git\usr\local\bin;H:\Program Files\Git\usr\bin;H:\Program Files\Git\usr\bin;H:\Program Files\Git\mingw64\bin;H:\Program Files\Git\usr\bin;C:\Users\yanan\bin;C:\ProgramData\Oracle\Java\javapath;C:\WINDOWS\system32;C:\WINDOWS;C:\WINDOWS\System32\Wbem;C:\WINDOWS\System32\WindowsPowerShell\v1.0;C:\Program Files\Java\jdk1.8.0_131\bin;C:\Program Files\MySQL\MySQL Server 5.5\bin;H:\Program Files\MySQL\MySQL Server 5.5\bin;H:\Program Files\Git\cmd;H:\Program Files\OpenVPN\bin;H:\Program Files\apache-maven-3.3.9\bin;C:\WINDOWS\System32\OpenSSH;H:\Program Files\Go\bin;C:\Program Files (x86)\NVIDIA Corporation\PhysX\Common;C:\Users\yanan\AppData\Local\Microsoft\WindowsApps;C:\texlive\2016\bin\win32;C:\Users\yanan\go\bin;H:\Program Files\Git\usr\bin\vendor_perl;H:\Program Files\Git\usr\bin\core_perl;.
08-Sep-2022 11:16:20.341 –ŇŌĘ [main] org.apache.coyote.AbstractProtocol.init Initializing ProtocolHandler ["http-nio-8080"]
08-Sep-2022 11:16:20.690 –ŇŌĘ [main] org.apache.tomcat.util.net.NioSelectorPool.getSharedSelector Using a shared selector for servlet write/read
08-Sep-2022 11:16:20.693 –ŇŌĘ [main] org.apache.coyote.AbstractProtocol.init Initializing ProtocolHandler ["ajp-nio-8009"]
08-Sep-2022 11:16:20.697 –ŇŌĘ [main] org.apache.tomcat.util.net.NioSelectorPool.getSharedSelector Using a shared selector for servlet write/read
08-Sep-2022 11:16:20.698 –ŇŌĘ [main] org.apache.catalina.startup.Catalina.load Initialization processed in 1103 ms
08-Sep-2022 11:16:20.741 –ŇŌĘ [main] org.apache.catalina.core.StandardService.startInternal Starting service Catalina
08-Sep-2022 11:16:20.741 –ŇŌĘ [main] org.apache.catalina.core.StandardEngine.startInternal Starting Servlet Engine: Apache Tomcat/8.0.49
08-Sep-2022 11:16:20.796 –ŇŌĘ [localhost-startStop-1] org.apache.catalina.startup.HostConfig.deployWAR Deploying web application archive H:\Program Files\eclipse_mars\apache-tomcat-8.0.49\webapps\sdcloud.war
08-Sep-2022 11:16:26.834 –ŇŌĘ [localhost-startStop-1] org.apache.jasper.servlet.TldScanner.scanJars At least one JAR was scanned for TLDs yet contained no TLDs. Enable debug logging for this logger for a complete list of JARs that were scanned but no TLDs were found in them. Skipping unneeded JARs during scanning can improve startup time and JSP compilation time.
08-Sep-2022 11:16:29.664 –ŇŌĘ [localhost-startStop-1] org.apache.catalina.startup.HostConfig.deployWAR Deployment of web application archive H:\Program Files\eclipse_mars\apache-tomcat-8.0.49\webapps\sdcloud.war has finished in 8,867 ms
08-Sep-2022 11:16:29.666 –ŇŌĘ [localhost-startStop-1] org.apache.catalina.startup.HostConfig.deployDirectory Deploying web application directory H:\Program Files\eclipse_mars\apache-tomcat-8.0.49\webapps\docs
08-Sep-2022 11:16:29.701 –ŇŌĘ [localhost-startStop-1] org.apache.catalina.startup.HostConfig.deployDirectory Deployment of web application directory H:\Program Files\eclipse_mars\apache-tomcat-8.0.49\webapps\docs has finished in 35 ms
08-Sep-2022 11:16:29.702 –ŇŌĘ [localhost-startStop-1] org.apache.catalina.startup.HostConfig.deployDirectory Deploying web application directory H:\Program Files\eclipse_mars\apache-tomcat-8.0.49\webapps\examples
08-Sep-2022 11:16:30.118 –ŇŌĘ [localhost-startStop-1] org.apache.catalina.startup.HostConfig.deployDirectory Deployment of web application directory H:\Program Files\eclipse_mars\apache-tomcat-8.0.49\webapps\examples has finished in 416 ms
08-Sep-2022 11:16:30.118 –ŇŌĘ [localhost-startStop-1] org.apache.catalina.startup.HostConfig.deployDirectory Deploying web application directory H:\Program Files\eclipse_mars\apache-tomcat-8.0.49\webapps\host-manager
08-Sep-2022 11:16:30.164 –ŇŌĘ [localhost-startStop-1] org.apache.catalina.startup.HostConfig.deployDirectory Deployment of web application directory H:\Program Files\eclipse_mars\apache-tomcat-8.0.49\webapps\host-manager has finished in 46 ms
08-Sep-2022 11:16:30.165 –ŇŌĘ [localhost-startStop-1] org.apache.catalina.startup.HostConfig.deployDirectory Deploying web application directory H:\Program Files\eclipse_mars\apache-tomcat-8.0.49\webapps\manager
08-Sep-2022 11:16:30.210 –ŇŌĘ [localhost-startStop-1] org.apache.catalina.startup.HostConfig.deployDirectory Deployment of web application directory H:\Program Files\eclipse_mars\apache-tomcat-8.0.49\webapps\manager has finished in 46 ms
08-Sep-2022 11:16:30.210 –ŇŌĘ [localhost-startStop-1] org.apache.catalina.startup.HostConfig.deployDirectory Deploying web application directory H:\Program Files\eclipse_mars\apache-tomcat-8.0.49\webapps\ROOT
08-Sep-2022 11:16:30.244 –ŇŌĘ [localhost-startStop-1] org.apache.catalina.startup.HostConfig.deployDirectory Deployment of web application directory H:\Program Files\eclipse_mars\apache-tomcat-8.0.49\webapps\ROOT has finished in 34 ms
08-Sep-2022 11:16:30.250 –ŇŌĘ [main] org.apache.coyote.AbstractProtocol.start Starting ProtocolHandler ["http-nio-8080"]
08-Sep-2022 11:16:30.262 –ŇŌĘ [main] org.apache.coyote.AbstractProtocol.start Starting ProtocolHandler ["ajp-nio-8009"]
08-Sep-2022 11:16:30.267 –ŇŌĘ [main] org.apache.catalina.startup.Catalina.start Server startup in 9568 ms
